Info;01.04.2018 16:00:32;Message:_____________
Info;01.04.2018 16:00:32;Message:Begin expense
Info;01.04.2018 16:00:32;Message:--------------------
Warning;01.04.2018 16:00:32;Message:end update orders,exp:33839
Info;01.04.2018 16:00:32;Message:Переход c вр-го счёта:-1
Info;01.04.2018 16:00:32;Message:на вр-ного счёта:-1
Info;01.04.2018 16:00:32;Message:0
Warning;01.04.2018 16:00:32;Message:------End Trigger------
Info;01.04.2018 16:01:12;Message:_____________
Info;01.04.2018 16:01:12;Message:Begin expense
Info;01.04.2018 16:01:12;Message:--------------------
Warning;01.04.2018 16:01:12;Message:end update orders,exp:33840
Info;01.04.2018 16:01:12;Message:Переход c вр-го счёта:-1
Info;01.04.2018 16:01:12;Message:на вр-ного счёта:-1
Info;01.04.2018 16:01:12;Message:0
Warning;01.04.2018 16:01:12;Message:------End Trigger------
Info;01.04.2018 16:01:46;Message:_____________
Info;01.04.2018 16:01:46;Message:Begin expense
Info;01.04.2018 16:01:46;Message:--------------------
Warning;01.04.2018 16:01:46;Message:end update orders,exp:33841
Info;01.04.2018 16:01:46;Message:Переход c вр-го счёта:-1
Info;01.04.2018 16:01:46;Message:на вр-ного счёта:-1
Info;01.04.2018 16:01:46;Message:0
Warning;01.04.2018 16:01:46;Message:------End Trigger------
Info;01.04.2018 16:02:01;Message:Переход c вр-го счёта:-2
Info;01.04.2018 16:02:01;Message:на вр-ного счёта:-2
Info;01.04.2018 16:02:01;Message:0
Info;01.04.2018 16:02:01;Message:Переход c вр-го счёта:-3
Info;01.04.2018 16:02:01;Message:на вр-ного счёта:-3
Info;01.04.2018 16:02:01;Message:0
Info;01.04.2018 16:02:07;Message:_____________
Info;01.04.2018 16:02:07;Message:Begin expense
Info;01.04.2018 16:02:07;Message:--------------------
Warning;01.04.2018 16:02:07;Message:end update orders,exp:33842
Info;01.04.2018 16:02:07;Message:Переход c вр-го счёта:-3
Info;01.04.2018 16:02:07;Message:на вр-ного счёта:-1
Info;01.04.2018 16:02:07;Message:0
Warning;01.04.2018 16:02:07;Message:------End Trigger------
