Info;16.03.2018 10:12:40;Message:_____________
Info;16.03.2018 10:12:40;Message:Begin expense
Info;16.03.2018 10:12:40;Message:--------------------
Warning;16.03.2018 10:12:40;Message:end update orders,exp:6
Info;16.03.2018 10:12:40;Message:Переход c вр-го счёта:-1
Info;16.03.2018 10:12:40;Message:на вр-ного счёта:-1
Warning;16.03.2018 10:12:40;Message:------End Trigger------
Info;16.03.2018 10:12:40;Message:0
Info;16.03.2018 10:12:45;Message:_____________
Info;16.03.2018 10:12:45;Message:Begin expense
Info;16.03.2018 10:12:45;Message:--------------------
Warning;16.03.2018 10:12:45;Message:end update orders,exp:7
Info;16.03.2018 10:12:45;Message:Переход c вр-го счёта:-1
Info;16.03.2018 10:12:45;Message:на вр-ного счёта:-1
Info;16.03.2018 10:12:45;Message:0
Warning;16.03.2018 10:12:45;Message:------End Trigger------
Info;16.03.2018 10:12:50;Message:_____________
Info;16.03.2018 10:12:50;Message:Begin expense
Info;16.03.2018 10:12:50;Message:--------------------
Warning;16.03.2018 10:12:50;Message:end update orders,exp:8
Info;16.03.2018 10:12:50;Message:Переход c вр-го счёта:-1
Info;16.03.2018 10:12:50;Message:на вр-ного счёта:-1
Info;16.03.2018 10:12:50;Message:0
Warning;16.03.2018 10:12:50;Message:------End Trigger------
Info;16.03.2018 10:12:55;Message:_____________
Info;16.03.2018 10:12:55;Message:Begin expense
Info;16.03.2018 10:12:55;Message:--------------------
Warning;16.03.2018 10:12:55;Message:end update orders,exp:9
Info;16.03.2018 10:12:55;Message:Переход c вр-го счёта:-1
Info;16.03.2018 10:12:55;Message:на вр-ного счёта:-1
Info;16.03.2018 10:12:55;Message:0
Warning;16.03.2018 10:12:55;Message:------End Trigger------
Info;16.03.2018 10:13:05;Message:_____________
Info;16.03.2018 10:13:05;Message:Begin expense
Info;16.03.2018 10:13:05;Message:--------------------
Warning;16.03.2018 10:13:05;Message:end update orders,exp:10
Info;16.03.2018 10:13:05;Message:Переход c вр-го счёта:-1
Info;16.03.2018 10:13:05;Message:на вр-ного счёта:-1
Info;16.03.2018 10:13:05;Message:0
Warning;16.03.2018 10:13:05;Message:------End Trigger------
Info;16.03.2018 10:13:15;Message:_____________
Info;16.03.2018 10:13:15;Message:Begin expense
Info;16.03.2018 10:13:15;Message:--------------------
Warning;16.03.2018 10:13:15;Message:end update orders,exp:11
Info;16.03.2018 10:13:15;Message:Переход c вр-го счёта:-1
Info;16.03.2018 10:13:15;Message:на вр-ного счёта:-1
Info;16.03.2018 10:13:15;Message:0
Warning;16.03.2018 10:13:15;Message:------End Trigger------
Info;16.03.2018 10:13:40;Message:_____________
Info;16.03.2018 10:13:40;Message:Begin expense
Info;16.03.2018 10:13:40;Message:--------------------
Warning;16.03.2018 10:13:40;Message:end update orders,exp:12
Info;16.03.2018 10:13:40;Message:Переход c вр-го счёта:-1
Info;16.03.2018 10:13:40;Message:на вр-ного счёта:-1
Warning;16.03.2018 10:13:40;Message:------End Trigger------
Info;16.03.2018 10:13:40;Message:0
Info;16.03.2018 10:14:15;Message:_____________
Info;16.03.2018 10:14:15;Message:Begin expense
Info;16.03.2018 10:14:15;Message:--------------------
Warning;16.03.2018 10:14:15;Message:end update orders,exp:13
Info;16.03.2018 10:14:15;Message:Переход c вр-го счёта:-1
Info;16.03.2018 10:14:15;Message:на вр-ного счёта:-1
Warning;16.03.2018 10:14:15;Message:------End Trigger------
Info;16.03.2018 10:14:15;Message:0
Info;16.03.2018 10:33:02;Message:_____________
Info;16.03.2018 10:33:02;Message:Begin expense
Info;16.03.2018 10:33:02;Message:--------------------
Warning;16.03.2018 10:33:02;Message:end update orders,exp:14
Info;16.03.2018 10:33:02;Message:Переход c вр-го счёта:-1
Info;16.03.2018 10:33:02;Message:на вр-ного счёта:-1
Warning;16.03.2018 10:33:02;Message:------End Trigger------
Info;16.03.2018 10:33:02;Message:0
Info;16.03.2018 10:33:12;Message:_____________
Info;16.03.2018 10:33:12;Message:Begin expense
Info;16.03.2018 10:33:12;Message:--------------------
Warning;16.03.2018 10:33:12;Message:end update orders,exp:15
Info;16.03.2018 10:33:12;Message:Переход c вр-го счёта:-1
Info;16.03.2018 10:33:12;Message:на вр-ного счёта:-1
Info;16.03.2018 10:33:12;Message:0
Warning;16.03.2018 10:33:12;Message:------End Trigger------
Info;16.03.2018 11:26:38;Message:_____________
Info;16.03.2018 11:26:41;Message:Begin expense
Info;16.03.2018 11:26:41;Message:--------------------
Warning;16.03.2018 11:27:07;Message:end update orders,exp:16
Info;16.03.2018 11:27:07;Message:Переход c вр-го счёта:-1
Info;16.03.2018 11:27:07;Message:на вр-ного счёта:-1
Info;16.03.2018 11:27:07;Message:0
Warning;16.03.2018 11:27:07;Message:------End Trigger------
Info;16.03.2018 11:45:15;Message:_____________
Info;16.03.2018 11:45:15;Message:Begin expense
Info;16.03.2018 11:45:15;Message:--------------------
Warning;16.03.2018 11:45:15;Message:end update orders,exp:17
Info;16.03.2018 11:45:15;Message:Переход c вр-го счёта:-1
Info;16.03.2018 11:45:15;Message:на вр-ного счёта:-1
Warning;16.03.2018 11:45:15;Message:------End Trigger------
Info;16.03.2018 11:45:15;Message:0
Info;16.03.2018 11:45:45;Message:_____________
Info;16.03.2018 11:45:45;Message:Begin expense
Info;16.03.2018 11:45:45;Message:--------------------
Warning;16.03.2018 11:45:45;Message:end update orders,exp:18
Info;16.03.2018 11:45:45;Message:Переход c вр-го счёта:-1
Info;16.03.2018 11:45:45;Message:на вр-ного счёта:-1
Info;16.03.2018 11:45:45;Message:0
Warning;16.03.2018 11:45:45;Message:------End Trigger------
Info;16.03.2018 11:46:41;Message:_____________
Info;16.03.2018 11:46:43;Message:Begin expense
Info;16.03.2018 11:46:43;Message:--------------------
Warning;16.03.2018 11:46:48;Message:end update orders,exp:19
Info;16.03.2018 11:46:48;Message:Переход c вр-го счёта:-1
Info;16.03.2018 11:46:48;Message:на вр-ного счёта:-1
Info;16.03.2018 11:46:48;Message:0
Warning;16.03.2018 11:46:48;Message:------End Trigger------
Info;16.03.2018 12:12:30;Message:_____________
Info;16.03.2018 12:12:30;Message:Begin expense
Info;16.03.2018 12:12:30;Message:--------------------
Warning;16.03.2018 12:12:30;Message:end update orders,exp:20
Warning;16.03.2018 12:12:30;Message:------End Trigger------
Info;16.03.2018 12:12:30;Message:Переход c вр-го счёта:-1
Info;16.03.2018 12:12:30;Message:на вр-ного счёта:-1
Info;16.03.2018 12:12:30;Message:0
Info;16.03.2018 12:13:25;Message:_____________
Info;16.03.2018 12:13:25;Message:Begin expense
Info;16.03.2018 12:13:25;Message:--------------------
Warning;16.03.2018 12:13:25;Message:end update orders,exp:21
Warning;16.03.2018 12:13:25;Message:------End Trigger------
Info;16.03.2018 12:13:25;Message:Переход c вр-го счёта:-1
Info;16.03.2018 12:13:25;Message:на вр-ного счёта:-1
Info;16.03.2018 12:13:25;Message:0
Info;16.03.2018 12:13:35;Message:_____________
Info;16.03.2018 12:13:35;Message:Begin expense
Info;16.03.2018 12:13:35;Message:--------------------
Warning;16.03.2018 12:13:35;Message:end update orders,exp:22
Info;16.03.2018 12:13:35;Message:Переход c вр-го счёта:-1
Info;16.03.2018 12:13:35;Message:на вр-ного счёта:-1
Warning;16.03.2018 12:13:35;Message:------End Trigger------
Info;16.03.2018 12:13:35;Message:0
Info;16.03.2018 14:05:56;Message:_____________
Info;16.03.2018 14:05:56;Message:Begin expense
Info;16.03.2018 14:05:56;Message:--------------------
Warning;16.03.2018 14:05:56;Message:end update orders,exp:23
Warning;16.03.2018 14:05:56;Message:------End Trigger------
Info;16.03.2018 14:05:56;Message:Переход c вр-го счёта:-1
Info;16.03.2018 14:05:56;Message:на вр-ного счёта:-1
Info;16.03.2018 14:05:56;Message:0
Info;16.03.2018 14:14:36;Message:_____________
Info;16.03.2018 14:14:36;Message:Begin expense
Info;16.03.2018 14:14:36;Message:--------------------
Warning;16.03.2018 14:14:36;Message:end update orders,exp:24
Info;16.03.2018 14:14:36;Message:Переход c вр-го счёта:-1
Info;16.03.2018 14:14:36;Message:на вр-ного счёта:-1
Warning;16.03.2018 14:14:36;Message:------End Trigger------
Info;16.03.2018 14:14:36;Message:0
Info;16.03.2018 14:15:47;Message:Begin expense
Info;16.03.2018 14:15:47;Message:--------------------
Warning;16.03.2018 14:15:47;Message:end update orders,exp:25
Info;16.03.2018 14:15:47;Message:Переход c вр-го счёта:-1
Info;16.03.2018 14:15:47;Message:на вр-ного счёта:-1
Warning;16.03.2018 14:15:47;Message:------End Trigger------
Info;16.03.2018 14:16:38;Message:_____________
Info;16.03.2018 14:16:38;Message:Begin expense
Info;16.03.2018 14:16:38;Message:--------------------
Warning;16.03.2018 14:16:38;Message:end update orders,exp:26
Info;16.03.2018 14:16:38;Message:Переход c вр-го счёта:-1
Info;16.03.2018 14:16:38;Message:на вр-ного счёта:-1
Warning;16.03.2018 14:16:38;Message:------End Trigger------
Info;16.03.2018 14:16:38;Message:0
Info;16.03.2018 14:18:44;Message:_____________
Info;16.03.2018 14:18:44;Message:Begin expense
Info;16.03.2018 14:18:44;Message:--------------------
Warning;16.03.2018 14:18:44;Message:end update orders,exp:27
Info;16.03.2018 14:18:44;Message:Переход c вр-го счёта:-1
Info;16.03.2018 14:18:44;Message:на вр-ного счёта:-1
Info;16.03.2018 14:18:44;Message:0
Warning;16.03.2018 14:18:44;Message:------End Trigger------
Info;16.03.2018 14:34:11;Message:_____________
Info;16.03.2018 14:34:11;Message:Begin expense
Info;16.03.2018 14:34:11;Message:--------------------
Warning;16.03.2018 14:34:11;Message:end update orders,exp:29
Warning;16.03.2018 14:34:11;Message:------End Trigger------
Info;16.03.2018 14:34:11;Message:Переход c вр-го счёта:-1
Info;16.03.2018 14:34:11;Message:на вр-ного счёта:-1
Info;16.03.2018 14:34:11;Message:0
Info;16.03.2018 14:37:00;Message:_____________
Info;16.03.2018 14:37:00;Message:Begin expense
Info;16.03.2018 14:37:00;Message:--------------------
Warning;16.03.2018 14:37:05;Message:end update orders,exp:30
Info;16.03.2018 14:37:05;Message:Переход c вр-го счёта:-1
Info;16.03.2018 14:37:05;Message:на вр-ного счёта:-1
Info;16.03.2018 14:37:05;Message:0
Warning;16.03.2018 14:37:05;Message:------End Trigger------
Info;16.03.2018 14:37:10;Message:_____________
Info;16.03.2018 14:37:10;Message:Begin expense
Info;16.03.2018 14:37:10;Message:--------------------
Warning;16.03.2018 14:37:10;Message:end update orders,exp:31
Info;16.03.2018 14:37:10;Message:Переход c вр-го счёта:-1
Info;16.03.2018 14:37:10;Message:на вр-ного счёта:-1
Warning;16.03.2018 14:37:10;Message:------End Trigger------
Info;16.03.2018 14:37:10;Message:0
Info;16.03.2018 14:53:36;Message:_____________
Info;16.03.2018 14:53:36;Message:Begin expense
Info;16.03.2018 14:53:36;Message:--------------------
Error;16.03.2018 14:53:36;Message:Error:Эта строка уже принадлежит другой таблице.
Info;16.03.2018 14:53:36;Message:_____________
Info;16.03.2018 14:53:36;Message:Begin expense
Info;16.03.2018 14:53:36;Message:--------------------
Error;16.03.2018 14:53:36;Message:Error:Эта строка уже принадлежит другой таблице.
Info;16.03.2018 14:53:46;Message:_____________
Info;16.03.2018 14:53:46;Message:Begin expense
Info;16.03.2018 14:53:46;Message:--------------------
Error;16.03.2018 14:53:46;Message:Error:Эта строка уже принадлежит другой таблице.
Info;16.03.2018 14:53:51;Message:_____________
Info;16.03.2018 14:53:51;Message:Begin expense
Info;16.03.2018 14:53:51;Message:--------------------
Error;16.03.2018 14:53:51;Message:Error:Эта строка уже принадлежит другой таблице.
Info;16.03.2018 14:54:26;Message:_____________
Info;16.03.2018 14:54:26;Message:Begin expense
Info;16.03.2018 14:54:26;Message:--------------------
Error;16.03.2018 14:54:26;Message:Error:Эта строка уже принадлежит другой таблице.
Info;16.03.2018 14:54:26;Message:_____________
Info;16.03.2018 14:54:26;Message:Begin expense
Info;16.03.2018 14:54:26;Message:--------------------
Error;16.03.2018 14:54:26;Message:Error:Эта строка уже принадлежит другой таблице.
Info;16.03.2018 14:54:31;Message:_____________
Info;16.03.2018 14:54:31;Message:Begin expense
Info;16.03.2018 14:54:31;Message:--------------------
Error;16.03.2018 14:54:31;Message:Error:Эта строка уже принадлежит другой таблице.
Info;16.03.2018 14:56:13;Message:_____________
Info;16.03.2018 14:56:13;Message:Begin expense
Info;16.03.2018 14:56:13;Message:--------------------
Error;16.03.2018 14:56:13;Message:Error:Эта строка уже принадлежит другой таблице.
Info;16.03.2018 14:56:48;Message:_____________
Info;16.03.2018 14:56:49;Message:Begin expense
Info;16.03.2018 14:56:49;Message:--------------------
Info;16.03.2018 14:58:51;Message:_____________
Info;16.03.2018 14:58:51;Message:Begin expense
Info;16.03.2018 14:58:51;Message:--------------------
Error;16.03.2018 14:58:51;Message:Error:Длина входного массива больше числа столбцов в этой таблице.
Info;16.03.2018 14:58:56;Message:_____________
Info;16.03.2018 14:58:56;Message:Begin expense
Info;16.03.2018 14:58:56;Message:--------------------
Error;16.03.2018 14:58:56;Message:Error:Длина входного массива больше числа столбцов в этой таблице.
Info;16.03.2018 14:59:06;Message:_____________
Info;16.03.2018 14:59:06;Message:Begin expense
Info;16.03.2018 14:59:06;Message:--------------------
Error;16.03.2018 14:59:06;Message:Error:Длина входного массива больше числа столбцов в этой таблице.
Info;16.03.2018 14:59:32;Message:_____________
Info;16.03.2018 14:59:32;Message:Begin expense
Info;16.03.2018 14:59:33;Message:--------------------
Info;16.03.2018 15:01:34;Message:_____________
Info;16.03.2018 15:01:35;Message:Begin expense
Info;16.03.2018 15:01:35;Message:--------------------
Error;16.03.2018 15:03:05;Message:Error:Длина входного массива больше числа столбцов в этой таблице.
Info;16.03.2018 15:03:15;Message:_____________
Info;16.03.2018 15:03:15;Message:Begin expense
Info;16.03.2018 15:03:15;Message:--------------------
Error;16.03.2018 15:03:38;Message:Error:Длина входного массива больше числа столбцов в этой таблице.
Info;16.03.2018 15:03:54;Message:_____________
Info;16.03.2018 15:03:54;Message:Begin expense
Info;16.03.2018 15:03:54;Message:--------------------
Info;16.03.2018 15:05:58;Message:_____________
Info;16.03.2018 15:06:12;Message:Begin expense
Info;16.03.2018 15:06:12;Message:--------------------
Info;16.03.2018 15:24:37;Message:_____________
Info;16.03.2018 15:24:37;Message:Begin expense
Info;16.03.2018 15:24:46;Message:--------------------
Warning;16.03.2018 15:24:46;Message:end update orders,exp:50
Info;16.03.2018 15:24:46;Message:Переход c вр-го счёта:-1
Info;16.03.2018 15:24:46;Message:на вр-ного счёта:-1
Warning;16.03.2018 15:24:46;Message:------End Trigger------
Info;16.03.2018 15:24:46;Message:0
Info;16.03.2018 15:25:04;Message:_____________
Info;16.03.2018 15:25:04;Message:Begin expense
Info;16.03.2018 15:25:04;Message:--------------------
Warning;16.03.2018 15:25:04;Message:end update orders,exp:51
Info;16.03.2018 15:25:04;Message:Переход c вр-го счёта:-1
Info;16.03.2018 15:25:04;Message:на вр-ного счёта:-1
Warning;16.03.2018 15:25:04;Message:------End Trigger------
Info;16.03.2018 15:25:09;Message:0
Info;16.03.2018 15:25:27;Message:_____________
Info;16.03.2018 15:25:31;Message:Begin expense
Info;16.03.2018 15:25:31;Message:--------------------
Warning;16.03.2018 15:25:31;Message:end update orders,exp:52
Info;16.03.2018 15:25:31;Message:Переход c вр-го счёта:-1
Info;16.03.2018 15:25:31;Message:на вр-ного счёта:-1
Info;16.03.2018 15:25:31;Message:0
Warning;16.03.2018 15:25:31;Message:------End Trigger------
Info;16.03.2018 15:26:06;Message:_____________
Info;16.03.2018 15:26:06;Message:Begin expense
Info;16.03.2018 15:26:06;Message:--------------------
Warning;16.03.2018 15:26:06;Message:end update orders,exp:53
Info;16.03.2018 15:26:06;Message:Переход c вр-го счёта:-1
Info;16.03.2018 15:26:06;Message:на вр-ного счёта:-1
Warning;16.03.2018 15:26:06;Message:------End Trigger------
Info;16.03.2018 15:26:06;Message:0
Info;16.03.2018 15:26:11;Message:_____________
Info;16.03.2018 15:26:11;Message:Begin expense
Info;16.03.2018 15:26:11;Message:--------------------
Warning;16.03.2018 15:26:11;Message:end update orders,exp:54
Info;16.03.2018 15:26:11;Message:Переход c вр-го счёта:-1
Info;16.03.2018 15:26:11;Message:на вр-ного счёта:-1
Warning;16.03.2018 15:26:11;Message:------End Trigger------
Info;16.03.2018 15:26:11;Message:0
Info;16.03.2018 15:26:16;Message:_____________
Info;16.03.2018 15:26:16;Message:Begin expense
Info;16.03.2018 15:26:16;Message:--------------------
Warning;16.03.2018 15:26:16;Message:end update orders,exp:55
Info;16.03.2018 15:26:16;Message:Переход c вр-го счёта:-1
Info;16.03.2018 15:26:16;Message:на вр-ного счёта:-1
Warning;16.03.2018 15:26:16;Message:------End Trigger------
Info;16.03.2018 15:26:16;Message:0
Info;16.03.2018 15:26:31;Message:_____________
Info;16.03.2018 15:26:31;Message:Begin expense
Info;16.03.2018 15:26:31;Message:--------------------
Warning;16.03.2018 15:26:31;Message:end update orders,exp:56
Info;16.03.2018 15:26:31;Message:Переход c вр-го счёта:-1
Info;16.03.2018 15:26:31;Message:на вр-ного счёта:-1
Warning;16.03.2018 15:26:31;Message:------End Trigger------
Info;16.03.2018 15:26:31;Message:0
Info;16.03.2018 15:26:36;Message:_____________
Info;16.03.2018 15:26:36;Message:Begin expense
Info;16.03.2018 15:26:36;Message:--------------------
Warning;16.03.2018 15:26:36;Message:end update orders,exp:57
Info;16.03.2018 15:26:36;Message:Переход c вр-го счёта:-1
Info;16.03.2018 15:26:36;Message:на вр-ного счёта:-1
Info;16.03.2018 15:26:36;Message:0
Warning;16.03.2018 15:26:36;Message:------End Trigger------
Info;16.03.2018 15:26:41;Message:_____________
Info;16.03.2018 15:26:41;Message:Begin expense
Info;16.03.2018 15:26:41;Message:--------------------
Warning;16.03.2018 15:26:41;Message:end update orders,exp:58
Info;16.03.2018 15:26:41;Message:Переход c вр-го счёта:-1
Info;16.03.2018 15:26:41;Message:на вр-ного счёта:-1
Warning;16.03.2018 15:26:41;Message:------End Trigger------
Info;16.03.2018 15:26:41;Message:0
Info;16.03.2018 15:27:11;Message:_____________
Info;16.03.2018 15:27:11;Message:Begin expense
Info;16.03.2018 15:27:11;Message:--------------------
Warning;16.03.2018 15:27:11;Message:end update orders,exp:59
Info;16.03.2018 15:27:11;Message:Переход c вр-го счёта:-1
Info;16.03.2018 15:27:11;Message:на вр-ного счёта:-1
Info;16.03.2018 15:27:11;Message:0
Warning;16.03.2018 15:27:11;Message:------End Trigger------
Info;16.03.2018 15:27:16;Message:_____________
Info;16.03.2018 15:27:16;Message:Begin expense
Info;16.03.2018 15:27:16;Message:--------------------
Warning;16.03.2018 15:27:16;Message:end update orders,exp:60
Info;16.03.2018 15:27:16;Message:Переход c вр-го счёта:-1
Info;16.03.2018 15:27:16;Message:на вр-ного счёта:-1
Info;16.03.2018 15:27:16;Message:0
Warning;16.03.2018 15:27:16;Message:------End Trigger------
Info;16.03.2018 15:27:41;Message:_____________
Info;16.03.2018 15:27:41;Message:Begin expense
Info;16.03.2018 15:27:41;Message:--------------------
Warning;16.03.2018 15:27:41;Message:end update orders,exp:61
Info;16.03.2018 15:27:41;Message:Переход c вр-го счёта:-1
Info;16.03.2018 15:27:41;Message:на вр-ного счёта:-1
Warning;16.03.2018 15:27:41;Message:------End Trigger------
Info;16.03.2018 15:27:41;Message:0
Info;16.03.2018 15:27:46;Message:_____________
Info;16.03.2018 15:27:46;Message:Begin expense
Info;16.03.2018 15:27:46;Message:--------------------
Warning;16.03.2018 15:27:46;Message:end update orders,exp:62
Info;16.03.2018 15:27:46;Message:Переход c вр-го счёта:-1
Info;16.03.2018 15:27:46;Message:на вр-ного счёта:-1
Info;16.03.2018 15:27:46;Message:0
Warning;16.03.2018 15:27:46;Message:------End Trigger------
Info;16.03.2018 15:27:51;Message:_____________
Info;16.03.2018 15:27:51;Message:Begin expense
Info;16.03.2018 15:27:51;Message:--------------------
Warning;16.03.2018 15:27:51;Message:end update orders,exp:63
Info;16.03.2018 15:27:51;Message:Переход c вр-го счёта:-1
Info;16.03.2018 15:27:51;Message:на вр-ного счёта:-1
Info;16.03.2018 15:27:51;Message:0
Warning;16.03.2018 15:27:51;Message:------End Trigger------
Info;16.03.2018 15:28:01;Message:_____________
Info;16.03.2018 15:28:01;Message:Begin expense
Info;16.03.2018 15:28:01;Message:--------------------
Warning;16.03.2018 15:28:01;Message:end update orders,exp:64
Info;16.03.2018 15:28:01;Message:Переход c вр-го счёта:-1
Info;16.03.2018 15:28:01;Message:на вр-ного счёта:-1
Info;16.03.2018 15:28:01;Message:0
Warning;16.03.2018 15:28:01;Message:------End Trigger------
Info;16.03.2018 15:37:56;Message:_____________
Info;16.03.2018 15:37:56;Message:Begin expense
Info;16.03.2018 15:37:56;Message:--------------------
Warning;16.03.2018 15:37:56;Message:end update orders,exp:65
Info;16.03.2018 15:37:56;Message:Переход c вр-го счёта:-1
Info;16.03.2018 15:37:56;Message:на вр-ного счёта:-1
Warning;16.03.2018 15:37:56;Message:------End Trigger------
Info;16.03.2018 15:37:56;Message:0
Info;16.03.2018 15:38:06;Message:_____________
Info;16.03.2018 15:38:06;Message:Begin expense
Info;16.03.2018 15:38:06;Message:--------------------
Warning;16.03.2018 15:38:06;Message:end update orders,exp:66
Info;16.03.2018 15:38:06;Message:Переход c вр-го счёта:-1
Info;16.03.2018 15:38:06;Message:на вр-ного счёта:-1
Info;16.03.2018 15:38:06;Message:0
Warning;16.03.2018 15:38:06;Message:------End Trigger------
Info;16.03.2018 15:38:11;Message:_____________
Info;16.03.2018 15:38:11;Message:Begin expense
Info;16.03.2018 15:38:11;Message:--------------------
Warning;16.03.2018 15:38:11;Message:end update orders,exp:67
Info;16.03.2018 15:38:11;Message:Переход c вр-го счёта:-1
Info;16.03.2018 15:38:11;Message:на вр-ного счёта:-1
Info;16.03.2018 15:38:11;Message:0
Warning;16.03.2018 15:38:11;Message:------End Trigger------
Info;16.03.2018 15:38:16;Message:_____________
Info;16.03.2018 15:38:16;Message:Begin expense
Info;16.03.2018 15:38:16;Message:--------------------
Warning;16.03.2018 15:38:16;Message:end update orders,exp:68
Info;16.03.2018 15:38:16;Message:Переход c вр-го счёта:-1
Info;16.03.2018 15:38:16;Message:на вр-ного счёта:-1
Info;16.03.2018 15:38:16;Message:0
Warning;16.03.2018 15:38:16;Message:------End Trigger------
Info;16.03.2018 15:44:48;Message:_____________
Info;16.03.2018 15:44:48;Message:Begin expense
Info;16.03.2018 15:44:48;Message:--------------------
Warning;16.03.2018 15:44:48;Message:end update orders,exp:69
Info;16.03.2018 15:44:48;Message:Переход c вр-го счёта:-1
Info;16.03.2018 15:44:48;Message:на вр-ного счёта:-1
Warning;16.03.2018 15:44:48;Message:------End Trigger------
Info;16.03.2018 15:44:48;Message:0
Info;16.03.2018 15:44:53;Message:_____________
Info;16.03.2018 15:44:53;Message:Begin expense
Info;16.03.2018 15:44:53;Message:--------------------
Warning;16.03.2018 15:44:53;Message:end update orders,exp:70
Info;16.03.2018 15:44:53;Message:Переход c вр-го счёта:-1
Info;16.03.2018 15:44:53;Message:на вр-ного счёта:-1
Info;16.03.2018 15:44:53;Message:0
Warning;16.03.2018 15:44:53;Message:------End Trigger------
Info;16.03.2018 15:44:58;Message:_____________
Info;16.03.2018 15:44:58;Message:Begin expense
Info;16.03.2018 15:44:58;Message:--------------------
Warning;16.03.2018 15:44:58;Message:end update orders,exp:71
Info;16.03.2018 15:44:58;Message:Переход c вр-го счёта:-1
Info;16.03.2018 15:44:58;Message:на вр-ного счёта:-1
Warning;16.03.2018 15:44:58;Message:------End Trigger------
Info;16.03.2018 15:44:58;Message:0
Info;16.03.2018 15:45:03;Message:_____________
Info;16.03.2018 15:45:03;Message:Begin expense
Info;16.03.2018 15:45:03;Message:--------------------
Warning;16.03.2018 15:45:03;Message:end update orders,exp:72
Info;16.03.2018 15:45:03;Message:Переход c вр-го счёта:-1
Info;16.03.2018 15:45:03;Message:на вр-ного счёта:-1
Warning;16.03.2018 15:45:03;Message:------End Trigger------
Info;16.03.2018 15:45:03;Message:0
Info;16.03.2018 15:46:08;Message:_____________
Info;16.03.2018 15:46:08;Message:Begin expense
Info;16.03.2018 15:46:08;Message:--------------------
Warning;16.03.2018 15:46:08;Message:end update orders,exp:73
Info;16.03.2018 15:46:08;Message:Переход c вр-го счёта:-1
Info;16.03.2018 15:46:08;Message:на вр-ного счёта:-1
Warning;16.03.2018 15:46:08;Message:------End Trigger------
Info;16.03.2018 15:46:08;Message:0
Info;16.03.2018 15:46:13;Message:_____________
Info;16.03.2018 15:46:13;Message:Begin expense
Info;16.03.2018 15:46:13;Message:--------------------
Warning;16.03.2018 15:46:13;Message:end update orders,exp:74
Info;16.03.2018 15:46:13;Message:Переход c вр-го счёта:-1
Info;16.03.2018 15:46:13;Message:на вр-ного счёта:-1
Info;16.03.2018 15:46:13;Message:0
Warning;16.03.2018 15:46:13;Message:------End Trigger------
Info;16.03.2018 15:46:23;Message:_____________
Info;16.03.2018 15:46:23;Message:Begin expense
Info;16.03.2018 15:46:23;Message:--------------------
Warning;16.03.2018 15:46:23;Message:end update orders,exp:75
Info;16.03.2018 15:46:23;Message:Переход c вр-го счёта:-1
Info;16.03.2018 15:46:23;Message:на вр-ного счёта:-1
Info;16.03.2018 15:46:23;Message:0
Warning;16.03.2018 15:46:23;Message:------End Trigger------
Info;16.03.2018 15:46:28;Message:_____________
Info;16.03.2018 15:46:28;Message:Begin expense
Info;16.03.2018 15:46:28;Message:--------------------
Warning;16.03.2018 15:46:28;Message:end update orders,exp:76
Info;16.03.2018 15:46:28;Message:Переход c вр-го счёта:-1
Info;16.03.2018 15:46:28;Message:на вр-ного счёта:-1
Info;16.03.2018 15:46:28;Message:0
Warning;16.03.2018 15:46:28;Message:------End Trigger------
Info;16.03.2018 15:46:33;Message:_____________
Info;16.03.2018 15:46:33;Message:Begin expense
Info;16.03.2018 15:46:33;Message:--------------------
Warning;16.03.2018 15:46:33;Message:end update orders,exp:77
Info;16.03.2018 15:46:33;Message:Переход c вр-го счёта:-1
Info;16.03.2018 15:46:33;Message:на вр-ного счёта:-1
Info;16.03.2018 15:46:33;Message:0
Warning;16.03.2018 15:46:33;Message:------End Trigger------
Info;16.03.2018 15:46:38;Message:_____________
Info;16.03.2018 15:46:38;Message:Begin expense
Info;16.03.2018 15:46:38;Message:--------------------
Warning;16.03.2018 15:46:38;Message:end update orders,exp:78
Info;16.03.2018 15:46:38;Message:Переход c вр-го счёта:-1
Info;16.03.2018 15:46:38;Message:на вр-ного счёта:-1
Warning;16.03.2018 15:46:38;Message:------End Trigger------
Info;16.03.2018 15:46:38;Message:0
Info;16.03.2018 15:46:53;Message:_____________
Info;16.03.2018 15:46:53;Message:Begin expense
Info;16.03.2018 15:46:53;Message:--------------------
Warning;16.03.2018 15:46:53;Message:end update orders,exp:79
Info;16.03.2018 15:46:53;Message:Переход c вр-го счёта:-1
Info;16.03.2018 15:46:53;Message:на вр-ного счёта:-1
Info;16.03.2018 15:46:53;Message:0
Warning;16.03.2018 15:46:53;Message:------End Trigger------
Info;16.03.2018 15:47:03;Message:_____________
Info;16.03.2018 15:47:03;Message:Begin expense
Info;16.03.2018 15:47:03;Message:--------------------
Warning;16.03.2018 15:47:03;Message:end update orders,exp:80
Info;16.03.2018 15:47:03;Message:Переход c вр-го счёта:-1
Info;16.03.2018 15:47:03;Message:на вр-ного счёта:-1
Warning;16.03.2018 15:47:03;Message:------End Trigger------
Info;16.03.2018 15:47:03;Message:0
Info;16.03.2018 15:47:08;Message:_____________
Info;16.03.2018 15:47:08;Message:Begin expense
Info;16.03.2018 15:47:08;Message:--------------------
Warning;16.03.2018 15:47:08;Message:end update orders,exp:81
Info;16.03.2018 15:47:08;Message:Переход c вр-го счёта:-1
Info;16.03.2018 15:47:08;Message:на вр-ного счёта:-1
Warning;16.03.2018 15:47:08;Message:------End Trigger------
Info;16.03.2018 15:47:08;Message:0
Info;16.03.2018 15:47:13;Message:_____________
Info;16.03.2018 15:47:13;Message:Begin expense
Info;16.03.2018 15:47:13;Message:--------------------
Warning;16.03.2018 15:47:13;Message:end update orders,exp:82
Info;16.03.2018 15:47:13;Message:Переход c вр-го счёта:-1
Info;16.03.2018 15:47:13;Message:на вр-ного счёта:-1
Warning;16.03.2018 15:47:13;Message:------End Trigger------
Info;16.03.2018 15:47:13;Message:0
Info;16.03.2018 15:47:18;Message:_____________
Info;16.03.2018 15:47:18;Message:Begin expense
Info;16.03.2018 15:47:18;Message:--------------------
Warning;16.03.2018 15:47:18;Message:end update orders,exp:83
Info;16.03.2018 15:47:18;Message:Переход c вр-го счёта:-1
Info;16.03.2018 15:47:18;Message:на вр-ного счёта:-1
Info;16.03.2018 15:47:18;Message:0
Warning;16.03.2018 15:47:18;Message:------End Trigger------
Info;16.03.2018 15:47:18;Message:_____________
Info;16.03.2018 15:47:18;Message:Begin expense
Info;16.03.2018 15:47:18;Message:--------------------
Warning;16.03.2018 15:47:18;Message:end update orders,exp:84
Info;16.03.2018 15:47:18;Message:Переход c вр-го счёта:-1
Info;16.03.2018 15:47:18;Message:на вр-ного счёта:-1
Info;16.03.2018 15:47:18;Message:0
Warning;16.03.2018 15:47:18;Message:------End Trigger------
Info;16.03.2018 15:47:28;Message:_____________
Info;16.03.2018 15:47:28;Message:Begin expense
Info;16.03.2018 15:47:28;Message:--------------------
Warning;16.03.2018 15:47:28;Message:end update orders,exp:85
Info;16.03.2018 15:47:28;Message:Переход c вр-го счёта:-1
Info;16.03.2018 15:47:28;Message:на вр-ного счёта:-1
Info;16.03.2018 15:47:28;Message:0
Warning;16.03.2018 15:47:28;Message:------End Trigger------
Info;16.03.2018 15:49:14;Message:_____________
Info;16.03.2018 15:49:14;Message:Begin expense
Info;16.03.2018 15:49:14;Message:--------------------
Warning;16.03.2018 15:49:14;Message:end update orders,exp:86
Info;16.03.2018 15:49:14;Message:Переход c вр-го счёта:-1
Info;16.03.2018 15:49:14;Message:на вр-ного счёта:-1
Warning;16.03.2018 15:49:14;Message:------End Trigger------
Info;16.03.2018 15:49:14;Message:0
Info;16.03.2018 15:49:19;Message:_____________
Info;16.03.2018 15:49:19;Message:Begin expense
Info;16.03.2018 15:49:19;Message:--------------------
Warning;16.03.2018 15:49:19;Message:end update orders,exp:87
Info;16.03.2018 15:49:19;Message:Переход c вр-го счёта:-1
Info;16.03.2018 15:49:19;Message:на вр-ного счёта:-1
Info;16.03.2018 15:49:19;Message:0
Warning;16.03.2018 15:49:19;Message:------End Trigger------
Info;16.03.2018 15:49:29;Message:_____________
Info;16.03.2018 15:49:29;Message:Begin expense
Info;16.03.2018 15:49:29;Message:--------------------
Warning;16.03.2018 15:49:29;Message:end update orders,exp:88
Info;16.03.2018 15:49:29;Message:Переход c вр-го счёта:-1
Info;16.03.2018 15:49:29;Message:на вр-ного счёта:-1
Info;16.03.2018 15:49:29;Message:0
Warning;16.03.2018 15:49:29;Message:------End Trigger------
Info;16.03.2018 15:49:34;Message:_____________
Info;16.03.2018 15:49:34;Message:Begin expense
Info;16.03.2018 15:49:34;Message:--------------------
Warning;16.03.2018 15:49:34;Message:end update orders,exp:89
Info;16.03.2018 15:49:34;Message:Переход c вр-го счёта:-1
Info;16.03.2018 15:49:34;Message:на вр-ного счёта:-1
Warning;16.03.2018 15:49:34;Message:------End Trigger------
Info;16.03.2018 15:49:34;Message:0
