Info;25.11.2017 20:14:15;Message:_____________
Info;25.11.2017 20:14:15;Message:Begin expense
Info;25.11.2017 20:14:20;Message:--------------------
Info;25.11.2017 20:14:20;Message:exp:8014 orders:prodId:17, orderSum:17600, cnt:1
Info;25.11.2017 20:14:20;Message:updating orders,exp:8014
Warning;25.11.2017 20:14:20;Message:end update orders,exp:8014
Warning;25.11.2017 20:14:20;Message:------End Trigger------
Info;25.11.2017 20:14:25;Message:_____________
Info;25.11.2017 20:14:25;Message:Begin expense
Info;25.11.2017 20:14:25;Message:--------------------
Info;25.11.2017 20:14:25;Message:exp:8015 orders:prodId:17, orderSum:17600, cnt:1
Info;25.11.2017 20:14:25;Message:updating orders,exp:8015
Warning;25.11.2017 20:14:25;Message:end update orders,exp:8015
Warning;25.11.2017 20:14:25;Message:------End Trigger------
Info;25.11.2017 20:36:12;Message:_____________
Info;25.11.2017 20:36:12;Message:Begin expense
Info;25.11.2017 20:36:12;Message:--------------------
Info;25.11.2017 20:36:12;Message:exp:8016 orders:prodId:17, orderSum:21120, cnt:1,2
Info;25.11.2017 20:36:12;Message:updating orders,exp:8016
Warning;25.11.2017 20:36:17;Message:end update orders,exp:8016
Warning;25.11.2017 20:36:17;Message:------End Trigger------
Info;25.11.2017 20:36:47;Message:_____________
Info;25.11.2017 20:36:47;Message:Begin expense
Info;25.11.2017 20:36:47;Message:--------------------
Info;25.11.2017 20:36:47;Message:exp:8017 orders:prodId:17, orderSum:22880, cnt:1,3
Info;25.11.2017 20:36:47;Message:updating orders,exp:8017
Warning;25.11.2017 20:36:47;Message:end update orders,exp:8017
Warning;25.11.2017 20:36:47;Message:------End Trigger------
