Info;05.04.2018 11:23:00;Message:_____________
Info;05.04.2018 11:23:00;Message:Begin expense
Info;05.04.2018 11:23:00;Message:--------------------
Warning;05.04.2018 11:23:00;Message:end update orders,exp:33843
Info;05.04.2018 11:23:00;Message:Переход c вр-го счёта:-1
Info;05.04.2018 11:23:00;Message:на вр-ного счёта:-1
Info;05.04.2018 11:23:00;Message:0
Warning;05.04.2018 11:23:00;Message:------End Trigger------
Info;05.04.2018 11:26:47;Message:_____________
Info;05.04.2018 11:26:47;Message:Begin expense
Info;05.04.2018 11:26:47;Message:--------------------
Warning;05.04.2018 11:26:47;Message:end update orders,exp:33844
Info;05.04.2018 11:26:47;Message:Переход c вр-го счёта:-1
Info;05.04.2018 11:26:47;Message:на вр-ного счёта:-1
Info;05.04.2018 11:26:47;Message:0
Warning;05.04.2018 11:26:47;Message:------End Trigger------
Info;05.04.2018 11:40:50;Message:_____________
Info;05.04.2018 11:40:50;Message:Begin expense
Info;05.04.2018 11:40:50;Message:--------------------
Warning;05.04.2018 11:40:50;Message:end update orders,exp:33845
Info;05.04.2018 11:40:50;Message:Переход c вр-го счёта:-1
Info;05.04.2018 11:40:50;Message:на вр-ного счёта:-1
Info;05.04.2018 11:40:50;Message:0
Warning;05.04.2018 11:40:50;Message:------End Trigger------
Info;05.04.2018 11:41:00;Message:_____________
Info;05.04.2018 11:41:00;Message:Begin expense
Info;05.04.2018 11:41:00;Message:--------------------
Warning;05.04.2018 11:41:00;Message:end update orders,exp:33846
Info;05.04.2018 11:41:00;Message:Переход c вр-го счёта:-1
Info;05.04.2018 11:41:00;Message:на вр-ного счёта:-1
Info;05.04.2018 11:41:00;Message:0
Warning;05.04.2018 11:41:00;Message:------End Trigger------
Info;05.04.2018 11:41:35;Message:_____________
Info;05.04.2018 11:41:35;Message:Begin expense
Info;05.04.2018 11:41:35;Message:--------------------
Warning;05.04.2018 11:41:35;Message:end update orders,exp:33847
Info;05.04.2018 11:41:35;Message:Переход c вр-го счёта:-1
Info;05.04.2018 11:41:35;Message:на вр-ного счёта:-1
Info;05.04.2018 11:41:35;Message:0
Warning;05.04.2018 11:41:35;Message:------End Trigger------
Info;05.04.2018 12:32:45;Message:_____________
Info;05.04.2018 12:32:45;Message:Begin expense
Info;05.04.2018 12:32:45;Message:--------------------
Warning;05.04.2018 12:32:45;Message:end update orders,exp:33848
Info;05.04.2018 12:32:45;Message:Переход c вр-го счёта:-1
Info;05.04.2018 12:32:45;Message:на вр-ного счёта:-1
Info;05.04.2018 12:32:45;Message:0
Warning;05.04.2018 12:32:45;Message:------End Trigger------
Info;05.04.2018 12:44:29;Message:_____________
Info;05.04.2018 12:44:29;Message:Begin expense
Info;05.04.2018 12:44:29;Message:--------------------
Warning;05.04.2018 12:44:29;Message:end update orders,exp:33849
Info;05.04.2018 12:44:29;Message:Переход c вр-го счёта:-1
Info;05.04.2018 12:44:29;Message:на вр-ного счёта:-1
Info;05.04.2018 12:44:29;Message:0
Warning;05.04.2018 12:44:29;Message:------End Trigger------
Info;05.04.2018 12:44:39;Message:_____________
Info;05.04.2018 12:44:39;Message:Begin expense
Info;05.04.2018 12:44:39;Message:--------------------
Warning;05.04.2018 12:44:39;Message:end update orders,exp:33850
Info;05.04.2018 12:44:39;Message:Переход c вр-го счёта:-1
Info;05.04.2018 12:44:39;Message:на вр-ного счёта:-1
Info;05.04.2018 12:44:39;Message:0
Warning;05.04.2018 12:44:39;Message:------End Trigger------
