Info;20.12.2017 11:03:22;Message:_____________
Info;20.12.2017 11:03:22;Message:Begin expense
Info;20.12.2017 11:03:22;Message:--------------------
Warning;20.12.2017 11:03:22;Message:end update orders,exp:14066
Info;20.12.2017 11:03:22;Message:Переход c вр-го счёта:-1
Info;20.12.2017 11:03:22;Message:на вр-ного счёта:-1
Info;20.12.2017 11:03:22;Message:0
Warning;20.12.2017 11:03:22;Message:------End Trigger------
Info;20.12.2017 11:04:14;Message:_____________
Info;20.12.2017 11:04:15;Message:Begin expense
Info;20.12.2017 11:07:17;Message:_____________
Info;20.12.2017 11:07:17;Message:Begin expense
Error;20.12.2017 11:07:28;Message:Error:Эта строка удалена из таблицы и не содержит данных. BeginEdit() позволит создать в этой строке новые данные.
Info;20.12.2017 11:08:54;Message:_____________
Info;20.12.2017 11:08:54;Message:Begin expense
Error;20.12.2017 11:08:59;Message:Error:Эта строка удалена из таблицы и не содержит данных. BeginEdit() позволит создать в этой строке новые данные.
Info;20.12.2017 11:09:59;Message:_____________
Info;20.12.2017 11:09:59;Message:Begin expense
Info;20.12.2017 11:10:04;Message:--------------------
Warning;20.12.2017 11:10:04;Message:end update orders,exp:14070
Info;20.12.2017 11:10:04;Message:Переход c вр-го счёта:-1
Info;20.12.2017 11:10:04;Message:на вр-ного счёта:-1
Info;20.12.2017 11:10:04;Message:0
Warning;20.12.2017 11:10:04;Message:------End Trigger------
Info;20.12.2017 11:13:58;Message:_____________
Info;20.12.2017 11:13:58;Message:Begin expense
Info;20.12.2017 11:13:58;Message:--------------------
Warning;20.12.2017 11:13:58;Message:end update orders,exp:14071
Info;20.12.2017 11:13:58;Message:Переход c вр-го счёта:-1
Info;20.12.2017 11:13:58;Message:на вр-ного счёта:-1
Info;20.12.2017 11:13:58;Message:0
Warning;20.12.2017 11:13:58;Message:------End Trigger------
