Info;13.10.2019 11:41:01;Message:Переход c вр-го счёта:-2
Info;13.10.2019 11:41:01;Message:0
Info;13.10.2019 11:48:15;Message:Переход c вр-го счёта:-2
Info;13.10.2019 11:48:15;Message:на вр-ного счёта:-2
Info;13.10.2019 11:48:15;Message:0
Info;13.10.2019 11:49:00;Message:_____________
Info;13.10.2019 11:49:00;Message:Begin expense
Info;13.10.2019 11:49:00;Message:--------------------
Warning;13.10.2019 11:49:00;Message:end update orders,exp:4
Info;13.10.2019 11:49:00;Message:Переход c вр-го счёта:-2
Info;13.10.2019 11:49:00;Message:на вр-ного счёта:-1
Warning;13.10.2019 11:49:00;Message:------End Trigger------
Info;13.10.2019 11:49:00;Message:21 500
Info;13.10.2019 11:49:20;Message:_____________
Info;13.10.2019 11:49:20;Message:Begin expense
Info;13.10.2019 11:49:20;Message:--------------------
Warning;13.10.2019 11:49:20;Message:end update orders,exp:5
Info;13.10.2019 11:49:20;Message:Переход c вр-го счёта:-1
Info;13.10.2019 11:49:20;Message:на вр-ного счёта:-1
Warning;13.10.2019 11:49:20;Message:------End Trigger------
Info;13.10.2019 11:49:20;Message:0
Info;13.10.2019 11:50:25;Message:_____________
Info;13.10.2019 11:50:25;Message:Begin expense
Info;13.10.2019 11:50:25;Message:--------------------
Warning;13.10.2019 11:50:25;Message:end update orders,exp:6
Info;13.10.2019 11:50:25;Message:Переход c вр-го счёта:-1
Info;13.10.2019 11:50:25;Message:на вр-ного счёта:-1
Info;13.10.2019 11:50:25;Message:0
Warning;13.10.2019 11:50:25;Message:------End Trigger------
Info;13.10.2019 11:50:45;Message:_____________
Info;13.10.2019 11:50:45;Message:Begin expense
Info;13.10.2019 11:50:45;Message:--------------------
Warning;13.10.2019 11:50:45;Message:end update orders,exp:7
Info;13.10.2019 11:50:45;Message:Переход c вр-го счёта:-1
Info;13.10.2019 11:50:45;Message:на вр-ного счёта:-1
Info;13.10.2019 11:50:45;Message:0
Warning;13.10.2019 11:50:45;Message:------End Trigger------
Info;13.10.2019 11:51:00;Message:_____________
Info;13.10.2019 11:51:00;Message:Begin expense
Info;13.10.2019 11:51:00;Message:--------------------
Warning;13.10.2019 11:51:00;Message:end update orders,exp:8
Info;13.10.2019 11:51:00;Message:Переход c вр-го счёта:-1
Info;13.10.2019 11:51:00;Message:на вр-ного счёта:-1
Warning;13.10.2019 11:51:00;Message:------End Trigger------
Info;13.10.2019 11:51:00;Message:0
Info;13.10.2019 11:51:45;Message:_____________
Info;13.10.2019 11:51:45;Message:Begin expense
Info;13.10.2019 11:51:45;Message:--------------------
Warning;13.10.2019 11:51:45;Message:end update orders,exp:9
Info;13.10.2019 11:51:45;Message:Переход c вр-го счёта:-1
Info;13.10.2019 11:51:45;Message:на вр-ного счёта:-1
Warning;13.10.2019 11:51:45;Message:------End Trigger------
Info;13.10.2019 11:51:45;Message:0
Info;13.10.2019 11:52:35;Message:_____________
Info;13.10.2019 11:52:35;Message:Begin expense
Info;13.10.2019 11:52:35;Message:--------------------
Warning;13.10.2019 11:52:35;Message:end update orders,exp:10
Info;13.10.2019 11:52:35;Message:Переход c вр-го счёта:-1
Info;13.10.2019 11:52:35;Message:на вр-ного счёта:-1
Info;13.10.2019 11:52:35;Message:0
Warning;13.10.2019 11:52:35;Message:------End Trigger------
Info;13.10.2019 11:53:45;Message:_____________
Info;13.10.2019 11:53:45;Message:Begin expense
Info;13.10.2019 11:53:45;Message:--------------------
Warning;13.10.2019 11:53:45;Message:end update orders,exp:11
Info;13.10.2019 11:53:45;Message:Переход c вр-го счёта:-1
Info;13.10.2019 11:53:45;Message:на вр-ного счёта:-1
Info;13.10.2019 11:53:45;Message:0
Warning;13.10.2019 11:53:45;Message:------End Trigger------
Info;13.10.2019 11:54:55;Message:Переход c вр-го счёта:-2
Info;13.10.2019 11:54:55;Message:на вр-ного счёта:-2
Info;13.10.2019 11:54:55;Message:0
Info;13.10.2019 11:55:15;Message:Переход c вр-го счёта:-2
Info;13.10.2019 11:55:15;Message:на вр-ного счёта:-1
Info;13.10.2019 11:55:15;Message:129 000
Info;13.10.2019 11:55:20;Message:Переход c вр-го счёта:-1
Info;13.10.2019 11:55:20;Message:на вр-ного счёта:-2
Info;13.10.2019 11:55:20;Message:129 000
Info;13.10.2019 11:55:20;Message:Переход c вр-го счёта:-2
Info;13.10.2019 11:55:20;Message:на вр-ного счёта:-1
Info;13.10.2019 11:55:20;Message:129 000
Info;13.10.2019 11:55:20;Message:_____________
Info;13.10.2019 11:55:20;Message:Begin expense
Info;13.10.2019 11:55:20;Message:--------------------
Warning;13.10.2019 11:55:20;Message:end update orders,exp:12
Info;13.10.2019 11:55:20;Message:Переход c вр-го счёта:-1
Info;13.10.2019 11:55:20;Message:на вр-ного счёта:-1
Info;13.10.2019 11:55:20;Message:0
Warning;13.10.2019 11:55:20;Message:------End Trigger------
Info;13.10.2019 11:55:25;Message:Переход c вр-го счёта:-1
Info;13.10.2019 11:55:25;Message:на вр-ного счёта:-2
Info;13.10.2019 11:55:25;Message:129 000
Info;13.10.2019 11:55:25;Message:_____________
Info;13.10.2019 11:55:25;Message:Begin expense
Info;13.10.2019 11:55:25;Message:--------------------
Warning;13.10.2019 11:55:25;Message:end update orders,exp:13
Info;13.10.2019 11:55:25;Message:Переход c вр-го счёта:-2
Info;13.10.2019 11:55:25;Message:на вр-ного счёта:-1
Warning;13.10.2019 11:55:25;Message:------End Trigger------
Info;13.10.2019 11:55:25;Message:0
Info;13.10.2019 12:06:44;Message:Переход c вр-го счёта:-1
Info;13.10.2019 12:06:44;Message:на вр-ного счёта:-1
Info;13.10.2019 12:06:44;Message:0
Info;13.10.2019 12:06:44;Message:Переход c вр-го счёта:-1
Info;13.10.2019 12:06:44;Message:на вр-ного счёта:-1
Info;13.10.2019 12:06:44;Message:0
Info;13.10.2019 12:06:44;Message:Переход c вр-го счёта:-1
Info;13.10.2019 12:06:44;Message:на вр-ного счёта:-1
Info;13.10.2019 12:06:44;Message:0
Info;13.10.2019 12:08:04;Message:_____________
Info;13.10.2019 12:08:04;Message:Begin expense
Info;13.10.2019 12:08:04;Message:--------------------
Warning;13.10.2019 12:08:04;Message:end update orders,exp:14
Info;13.10.2019 12:08:04;Message:Переход c вр-го счёта:-1
Info;13.10.2019 12:08:04;Message:на вр-ного счёта:-1
Info;13.10.2019 12:08:04;Message:0
Warning;13.10.2019 12:08:04;Message:------End Trigger------
Info;13.10.2019 12:08:59;Message:_____________
Info;13.10.2019 12:08:59;Message:Begin expense
Info;13.10.2019 12:08:59;Message:--------------------
Warning;13.10.2019 12:08:59;Message:end update orders,exp:15
Info;13.10.2019 12:08:59;Message:Переход c вр-го счёта:-1
Info;13.10.2019 12:08:59;Message:на вр-ного счёта:-1
Warning;13.10.2019 12:08:59;Message:------End Trigger------
Info;13.10.2019 12:08:59;Message:0
Info;13.10.2019 12:10:09;Message:Переход c вр-го счёта:-2
Info;13.10.2019 12:10:09;Message:на вр-ного счёта:-2
Info;13.10.2019 12:10:09;Message:0
Info;13.10.2019 12:11:09;Message:Переход c вр-го счёта:-2
Info;13.10.2019 12:11:09;Message:на вр-ного счёта:-1
Info;13.10.2019 12:11:09;Message:134 000
Info;13.10.2019 12:11:14;Message:Переход c вр-го счёта:-1
Info;13.10.2019 12:11:14;Message:на вр-ного счёта:-2
Info;13.10.2019 12:11:14;Message:134 000
Info;13.10.2019 12:11:14;Message:Переход c вр-го счёта:-2
Info;13.10.2019 12:11:14;Message:на вр-ного счёта:-1
Info;13.10.2019 12:11:14;Message:134 000
Info;13.10.2019 12:11:19;Message:_____________
Info;13.10.2019 12:11:19;Message:Begin expense
Info;13.10.2019 12:11:19;Message:--------------------
Warning;13.10.2019 12:11:19;Message:end update orders,exp:16
Info;13.10.2019 12:11:19;Message:Переход c вр-го счёта:-1
Info;13.10.2019 12:11:19;Message:на вр-ного счёта:-1
Info;13.10.2019 12:11:19;Message:0
Warning;13.10.2019 12:11:19;Message:------End Trigger------
Info;13.10.2019 12:11:19;Message:Переход c вр-го счёта:-1
Info;13.10.2019 12:11:19;Message:на вр-ного счёта:-2
Info;13.10.2019 12:11:19;Message:134 000
Info;13.10.2019 12:11:24;Message:Переход c вр-го счёта:-2
Info;13.10.2019 12:11:24;Message:на вр-ного счёта:-1
Info;13.10.2019 12:11:24;Message:0
Info;13.10.2019 12:11:24;Message:Переход c вр-го счёта:-1
Info;13.10.2019 12:11:24;Message:на вр-ного счёта:-2
Info;13.10.2019 12:11:24;Message:134 000
Info;13.10.2019 12:11:24;Message:_____________
Info;13.10.2019 12:11:24;Message:Begin expense
Info;13.10.2019 12:11:24;Message:--------------------
Warning;13.10.2019 12:11:24;Message:end update orders,exp:17
Warning;13.10.2019 12:11:24;Message:------End Trigger------
Info;13.10.2019 12:11:24;Message:Переход c вр-го счёта:-2
Info;13.10.2019 12:11:24;Message:на вр-ного счёта:-1
Info;13.10.2019 12:11:24;Message:0
Info;13.10.2019 13:29:11;Message:_____________
Info;13.10.2019 13:29:11;Message:Begin expense
Info;13.10.2019 13:29:11;Message:--------------------
Warning;13.10.2019 13:29:11;Message:end update orders,exp:18
Info;13.10.2019 13:29:11;Message:Переход c вр-го счёта:-1
Info;13.10.2019 13:29:11;Message:на вр-ного счёта:-1
Info;13.10.2019 13:29:11;Message:0
Info;13.10.2019 13:31:50;Message:_____________
Info;13.10.2019 13:31:50;Message:Begin expense
Error;13.10.2019 13:31:50;Message:Error:Эта строка удалена из таблицы и не содержит данных. BeginEdit() позволит создать в этой строке новые данные.
Info;13.10.2019 13:32:05;Message:_____________
Info;13.10.2019 13:32:05;Message:Begin expense
Error;13.10.2019 13:33:00;Message:Error:Эта строка удалена из таблицы и не содержит данных. BeginEdit() позволит создать в этой строке новые данные.
Info;13.10.2019 13:33:00;Message:_____________
Info;13.10.2019 13:33:00;Message:Begin expense
Error;13.10.2019 13:33:05;Message:Error:Эта строка удалена из таблицы и не содержит данных. BeginEdit() позволит создать в этой строке новые данные.
Info;13.10.2019 13:33:05;Message:_____________
Info;13.10.2019 13:33:05;Message:Begin expense
Error;13.10.2019 13:33:05;Message:Error:Эта строка удалена из таблицы и не содержит данных. BeginEdit() позволит создать в этой строке новые данные.
Info;13.10.2019 13:33:30;Message:_____________
Error;13.10.2019 13:33:30;Message:Error:Эта строка удалена из таблицы и не содержит данных. BeginEdit() позволит создать в этой строке новые данные.
Info;13.10.2019 13:34:36;Message:_____________
Info;13.10.2019 13:34:36;Message:Begin expense
Error;13.10.2019 13:34:36;Message:Error:Эта строка удалена из таблицы и не содержит данных. BeginEdit() позволит создать в этой строке новые данные.
Info;13.10.2019 13:35:04;Message:_____________
Info;13.10.2019 13:35:04;Message:Begin expense
Info;13.10.2019 13:37:23;Message:_____________
Info;13.10.2019 13:37:23;Message:Begin expense
Error;13.10.2019 13:37:23;Message:Error:Эта строка удалена из таблицы и не содержит данных. BeginEdit() позволит создать в этой строке новые данные.
Info;13.10.2019 13:39:40;Message:_____________
Info;13.10.2019 13:39:40;Message:Begin expense
Error;13.10.2019 13:39:40;Message:Error:Значение для столбца 'charge' в таблице 'expense' равно DBNull.
Info;13.10.2019 13:40:05;Message:_____________
Info;13.10.2019 13:40:05;Message:Begin expense
Error;13.10.2019 13:42:50;Message:Error:Значение для столбца 'charge' в таблице 'expense' равно DBNull.
Info;13.10.2019 13:42:51;Message:_____________
Info;13.10.2019 13:42:51;Message:Begin expense
Info;13.10.2019 13:45:15;Message:_____________
Info;13.10.2019 13:45:15;Message:Begin expense
Info;13.10.2019 13:45:20;Message:--------------------
Warning;13.10.2019 13:45:20;Message:end update orders,exp:29
Info;13.10.2019 13:45:20;Message:Переход c вр-го счёта:-1
Info;13.10.2019 13:45:20;Message:на вр-ного счёта:-1
Info;13.10.2019 13:45:20;Message:0
Info;13.10.2019 13:54:35;Message:_____________
Info;13.10.2019 13:54:35;Message:Begin expense
Info;13.10.2019 13:54:40;Message:--------------------
Warning;13.10.2019 13:54:40;Message:end update orders,exp:30
Info;13.10.2019 13:54:40;Message:Переход c вр-го счёта:-1
Info;13.10.2019 13:54:40;Message:на вр-ного счёта:-1
Info;13.10.2019 13:54:40;Message:0
Info;13.10.2019 13:55:30;Message:_____________
Info;13.10.2019 13:55:30;Message:Begin expense
Info;13.10.2019 13:55:30;Message:--------------------
Warning;13.10.2019 13:55:30;Message:end update orders,exp:31
Info;13.10.2019 13:55:30;Message:Переход c вр-го счёта:-1
Info;13.10.2019 13:55:30;Message:на вр-ного счёта:-1
Info;13.10.2019 13:55:30;Message:0
Info;13.10.2019 13:59:37;Message:_____________
Info;13.10.2019 14:03:44;Message:_____________
Info;13.10.2019 14:03:44;Message:Begin expense
Info;13.10.2019 14:03:49;Message:--------------------
Warning;13.10.2019 14:03:49;Message:end update orders,exp:33
Info;13.10.2019 14:03:49;Message:Переход c вр-го счёта:-1
Info;13.10.2019 14:03:49;Message:на вр-ного счёта:-1
Info;13.10.2019 14:03:49;Message:0
Info;13.10.2019 17:41:28;Message:_____________
Info;13.10.2019 17:41:28;Message:Begin expense
Info;13.10.2019 17:41:33;Message:--------------------
Warning;13.10.2019 17:41:33;Message:end update orders,exp:34
Info;13.10.2019 17:41:33;Message:Переход c вр-го счёта:-1
Info;13.10.2019 17:41:33;Message:на вр-ного счёта:-1
Info;13.10.2019 17:41:33;Message:0
Info;13.10.2019 21:59:35;Message:_____________
Info;13.10.2019 21:59:35;Message:Begin expense
Info;13.10.2019 21:59:56;Message:--------------------
Warning;13.10.2019 22:00:51;Message:end update orders,exp:35
Info;13.10.2019 22:02:34;Message:_____________
Info;13.10.2019 22:02:34;Message:Begin expense
Info;13.10.2019 22:02:44;Message:--------------------
Warning;13.10.2019 22:02:44;Message:end update orders,exp:36
Info;13.10.2019 22:03:27;Message:Переход c вр-го счёта:-1
Info;13.10.2019 22:03:27;Message:на вр-ного счёта:-1
Info;13.10.2019 22:03:27;Message:0
Warning;13.10.2019 22:03:27;Message:------End Trigger------
