Info;19.11.2017 16:05:42;Message:Begin expense
Info;19.11.2017 16:05:42;Message:update expense
Info;19.11.2017 16:05:42;Message:exp:4328 orders:prodId:6110, orderSum:1500, cnt:1
Info;19.11.2017 16:05:42;Message:exp:4328 orders:prodId:6202, orderSum:12990, cnt:1
Info;19.11.2017 16:05:42;Message:exp:4328 orders:prodId:2736, orderSum:700, cnt:1
Info;19.11.2017 16:05:42;Message:updating orders,exp:4328
Warning;19.11.2017 16:05:42;Message:end update orders,exp:4328
Info;19.11.2017 16:05:42;Message:Triggeting executed
Info;19.11.2017 16:05:42;Message:Clear dgv
Info;19.11.2017 16:36:46;Message:--------------------
Info;19.11.2017 16:36:46;Message:Begin expense
Info;19.11.2017 16:36:46;Message:update expense
Info;19.11.2017 16:36:46;Message:exp:4336 orders:prodId:7976, orderSum:15200, cnt:1
Info;19.11.2017 16:36:46;Message:exp:4336 orders:prodId:2736, orderSum:700, cnt:1
Info;19.11.2017 16:36:47;Message:exp:4336 orders:prodId:6110, orderSum:4500, cnt:3
Info;19.11.2017 16:36:47;Message:updating orders,exp:4336
Warning;19.11.2017 16:36:47;Message:end update orders,exp:4336
Info;19.11.2017 16:36:47;Message:Triggeting executed
Info;19.11.2017 16:36:47;Message:Clear dgv
Info;19.11.2017 16:36:47;Message:Printing
Info;19.11.2017 16:38:27;Message:--------------------
Info;19.11.2017 16:38:27;Message:Begin expense
Info;19.11.2017 16:38:27;Message:update expense
Info;19.11.2017 16:38:27;Message:exp:4337 orders:prodId:2736, orderSum:700, cnt:1
Info;19.11.2017 16:38:27;Message:exp:4337 orders:prodId:4942, orderSum:23400, cnt:1
Info;19.11.2017 16:38:27;Message:updating orders,exp:4337
Warning;19.11.2017 16:38:27;Message:end update orders,exp:4337
Info;19.11.2017 16:38:27;Message:Triggeting executed
Info;19.11.2017 16:38:27;Message:Clear dgv
Info;19.11.2017 16:38:27;Message:Printing
Info;19.11.2017 16:40:24;Message:--------------------
Info;19.11.2017 16:40:24;Message:Begin expense
Info;19.11.2017 16:40:24;Message:update expense
Info;19.11.2017 16:40:24;Message:exp:4338 orders:prodId:2736, orderSum:700, cnt:1
Info;19.11.2017 16:40:24;Message:exp:4338 orders:prodId:4942, orderSum:70200, cnt:3
Info;19.11.2017 16:40:24;Message:updating orders,exp:4338
Warning;19.11.2017 16:40:24;Message:end update orders,exp:4338
Info;19.11.2017 16:40:24;Message:Triggeting executed
Info;19.11.2017 16:40:24;Message:Clear dgv
Info;19.11.2017 16:40:24;Message:Printing
Info;19.11.2017 16:40:40;Message:--------------------
Info;19.11.2017 16:40:40;Message:Begin expense
Info;19.11.2017 16:40:40;Message:update expense
Info;19.11.2017 16:40:40;Message:exp:4339 orders:prodId:2736, orderSum:700, cnt:1
Info;19.11.2017 16:40:40;Message:exp:4339 orders:prodId:4916, orderSum:30300, cnt:3
Info;19.11.2017 16:40:40;Message:updating orders,exp:4339
Warning;19.11.2017 16:40:40;Message:end update orders,exp:4339
Info;19.11.2017 16:40:40;Message:Triggeting executed
Info;19.11.2017 16:40:40;Message:Clear dgv
Info;19.11.2017 16:40:40;Message:Printing
Info;19.11.2017 16:50:30;Message:--------------------
Info;19.11.2017 16:50:30;Message:Begin expense
Info;19.11.2017 16:50:30;Message:update expense
Info;19.11.2017 16:50:30;Message:exp:4343 orders:prodId:6110, orderSum:6000, cnt:4
Info;19.11.2017 16:50:30;Message:updating orders,exp:4343
Warning;19.11.2017 16:50:30;Message:end update orders,exp:4343
Info;19.11.2017 16:50:30;Message:Triggeting executed
Info;19.11.2017 16:50:30;Message:Clear dgv
Info;19.11.2017 16:50:30;Message:Printing
Info;19.11.2017 16:59:41;Message:--------------------
Info;19.11.2017 16:59:41;Message:Begin expense
Info;19.11.2017 16:59:41;Message:update expense
Info;19.11.2017 16:59:41;Message:exp:4344 orders:prodId:6110, orderSum:1500, cnt:1
Info;19.11.2017 16:59:41;Message:exp:4344 orders:prodId:2736, orderSum:700, cnt:1
Info;19.11.2017 16:59:41;Message:exp:4344 orders:prodId:4916, orderSum:10100, cnt:1
Info;19.11.2017 16:59:41;Message:updating orders,exp:4344
Warning;19.11.2017 16:59:41;Message:end update orders,exp:4344
Info;19.11.2017 16:59:41;Message:Triggeting executed
Info;19.11.2017 16:59:41;Message:Clear dgv
Info;19.11.2017 16:59:42;Message:Printing
