Info;02.11.2019 11:08:51;Message:_____________
Info;02.11.2019 11:08:51;Message:Begin expense
Info;02.11.2019 11:08:51;Message:--------------------
Warning;02.11.2019 11:08:51;Message:end update orders,exp:46
Info;02.11.2019 11:08:51;Message:Переход c вр-го счёта:-1
Info;02.11.2019 11:08:51;Message:на вр-ного счёта:-1
Info;02.11.2019 11:08:51;Message:0
Info;02.11.2019 11:44:24;Message:_____________
Info;02.11.2019 11:44:24;Message:Begin expense
Info;02.11.2019 11:44:24;Message:--------------------
Warning;02.11.2019 11:44:24;Message:end update orders,exp:47
Info;02.11.2019 11:44:24;Message:Переход c вр-го счёта:-1
Info;02.11.2019 11:44:24;Message:на вр-ного счёта:-1
Info;02.11.2019 11:44:24;Message:0
Info;02.11.2019 11:45:19;Message:_____________
Info;02.11.2019 11:45:19;Message:Begin expense
Info;02.11.2019 11:45:19;Message:--------------------
Warning;02.11.2019 11:45:19;Message:end update orders,exp:48
Info;02.11.2019 11:45:19;Message:Переход c вр-го счёта:-1
Info;02.11.2019 11:45:19;Message:на вр-ного счёта:-1
Info;02.11.2019 11:45:19;Message:0
Info;02.11.2019 11:48:38;Message:_____________
Info;02.11.2019 11:48:41;Message:Begin expense
Info;02.11.2019 11:49:33;Message:--------------------
Warning;02.11.2019 11:49:33;Message:end update orders,exp:49
Info;02.11.2019 11:49:33;Message:Переход c вр-го счёта:-1
Info;02.11.2019 11:49:33;Message:на вр-ного счёта:-1
Info;02.11.2019 11:49:33;Message:0
Info;02.11.2019 11:53:20;Message:_____________
Info;02.11.2019 11:53:20;Message:Begin expense
Info;02.11.2019 11:53:20;Message:--------------------
Warning;02.11.2019 11:53:20;Message:end update orders,exp:50
Info;02.11.2019 11:53:20;Message:Переход c вр-го счёта:-1
Info;02.11.2019 11:53:20;Message:на вр-ного счёта:-1
Info;02.11.2019 11:53:20;Message:0
Info;02.11.2019 11:53:30;Message:_____________
Info;02.11.2019 11:53:30;Message:Begin expense
Info;02.11.2019 11:53:30;Message:--------------------
Warning;02.11.2019 11:53:30;Message:end update orders,exp:51
Info;02.11.2019 11:53:30;Message:Переход c вр-го счёта:-1
Info;02.11.2019 11:53:30;Message:на вр-ного счёта:-1
Info;02.11.2019 11:53:30;Message:0
Info;02.11.2019 11:53:50;Message:_____________
Info;02.11.2019 11:53:50;Message:Begin expense
Info;02.11.2019 11:53:50;Message:--------------------
Warning;02.11.2019 11:53:50;Message:end update orders,exp:52
Info;02.11.2019 11:53:50;Message:Переход c вр-го счёта:-1
Info;02.11.2019 11:53:50;Message:на вр-ного счёта:-1
Info;02.11.2019 11:53:50;Message:0
Info;02.11.2019 14:31:47;Message:_____________
Info;02.11.2019 14:31:47;Message:Begin expense
Info;02.11.2019 14:31:47;Message:--------------------
Warning;02.11.2019 14:31:47;Message:end update orders,exp:53
Info;02.11.2019 14:31:47;Message:Переход c вр-го счёта:-1
Info;02.11.2019 14:31:48;Message:на вр-ного счёта:-1
Info;02.11.2019 14:31:48;Message:0
