Info;Ср 04.04.18 9:53:36;Message:_____________
Info;Ср 04.04.18 9:53:48;Message:--------------------
Info;Ср 04.04.18 10:07:05;Message:Begin expense
Info;Ср 04.04.18 10:07:05;Message:_____________
Info;Ср 04.04.18 10:07:10;Message:--------------------
Info;Ср 04.04.18 10:07:10;Message:Переход c вр-го счёта:-1
Info;Ср 04.04.18 10:07:10;Message:на вр-ного счёта:-1
Info;Ср 04.04.18 10:07:10;Message:0
Warning;Ср 04.04.18 10:07:10;Message:------End Trigger------
Info;Ср 04.04.18 10:08:33;Message:_____________
Info;Ср 04.04.18 10:08:33;Message:Begin expense
Warning;Ср 04.04.18 10:09:37;Message:end update orders,exp:123
Info;Ср 04.04.18 10:09:37;Message:Переход c вр-го счёта:-1
Info;Ср 04.04.18 10:09:37;Message:на вр-ного счёта:-1
Warning;Ср 04.04.18 10:09:37;Message:------End Trigger------
Info;Ср 04.04.18 10:09:37;Message:0
Info;Ср 04.04.18 10:12:51;Message:_____________
Info;Ср 04.04.18 10:12:51;Message:Begin expense
Info;Ср 04.04.18 10:12:52;Message:--------------------
Warning;Ср 04.04.18 10:12:52;Message:end update orders,exp:124
Info;Ср 04.04.18 10:12:52;Message:Переход c вр-го счёта:-1
Info;Ср 04.04.18 10:12:52;Message:на вр-ного счёта:-1
Info;Ср 04.04.18 10:12:52;Message:0
Warning;Ср 04.04.18 10:12:52;Message:------End Trigger------
Info;Ср 04.04.18 10:14:33;Message:_____________
Info;Ср 04.04.18 10:14:33;Message:Begin expense
Info;Ср 04.04.18 10:14:33;Message:--------------------
Warning;Ср 04.04.18 10:14:33;Message:end update orders,exp:125
Info;Ср 04.04.18 10:14:33;Message:Переход c вр-го счёта:-1
Info;Ср 04.04.18 10:14:33;Message:на вр-ного счёта:-1
Info;Ср 04.04.18 10:14:33;Message:0
Warning;Ср 04.04.18 10:14:33;Message:------End Trigger------
Info;Ср 04.04.18 10:15:50;Message:_____________
Info;Ср 04.04.18 10:15:50;Message:Begin expense
Info;Ср 04.04.18 10:15:52;Message:--------------------
Warning;Ср 04.04.18 10:15:52;Message:end update orders,exp:126
Info;Ср 04.04.18 10:15:52;Message:Переход c вр-го счёта:-1
Info;Ср 04.04.18 10:15:52;Message:на вр-ного счёта:-1
Info;Ср 04.04.18 10:15:52;Message:0
Warning;Ср 04.04.18 10:15:52;Message:------End Trigger------
Info;Ср 04.04.18 10:17:20;Message:_____________
Info;Ср 04.04.18 10:17:20;Message:Begin expense
Info;Ср 04.04.18 10:17:22;Message:--------------------
Warning;Ср 04.04.18 10:17:22;Message:end update orders,exp:127
Info;Ср 04.04.18 10:17:22;Message:Переход c вр-го счёта:-1
Info;Ср 04.04.18 10:17:22;Message:на вр-ного счёта:-1
Info;Ср 04.04.18 10:17:22;Message:0
Warning;Ср 04.04.18 10:17:22;Message:------End Trigger------
Info;Ср 04.04.18 10:20:54;Message:_____________
Info;Ср 04.04.18 10:20:54;Message:Begin expense
Info;Ср 04.04.18 10:20:57;Message:--------------------
Warning;Ср 04.04.18 10:20:57;Message:end update orders,exp:128
Info;Ср 04.04.18 10:20:57;Message:Переход c вр-го счёта:-1
Info;Ср 04.04.18 10:20:57;Message:на вр-ного счёта:-1
Info;Ср 04.04.18 10:20:57;Message:0
Warning;Ср 04.04.18 10:20:57;Message:------End Trigger------
