Info;11.01.2018 15:06:38;Message:_____________
Info;11.01.2018 15:06:38;Message:Begin expense
Info;11.01.2018 15:06:38;Message:--------------------
Warning;11.01.2018 15:06:38;Message:end update orders,exp:22523
Info;11.01.2018 15:06:38;Message:Переход c вр-го счёта:-1
Info;11.01.2018 15:06:38;Message:на вр-ного счёта:-1
Info;11.01.2018 15:06:38;Message:0
Warning;11.01.2018 15:06:38;Message:------End Trigger------
Info;11.01.2018 15:06:48;Message:_____________
Info;11.01.2018 15:06:48;Message:Begin expense
Info;11.01.2018 15:06:48;Message:--------------------
Warning;11.01.2018 15:06:48;Message:end update orders,exp:22524
Info;11.01.2018 15:06:48;Message:Переход c вр-го счёта:-1
Info;11.01.2018 15:06:48;Message:на вр-ного счёта:-1
Info;11.01.2018 15:06:48;Message:0
Warning;11.01.2018 15:06:48;Message:------End Trigger------
Info;11.01.2018 15:06:53;Message:_____________
Info;11.01.2018 15:06:53;Message:Begin expense
Info;11.01.2018 15:06:53;Message:--------------------
Warning;11.01.2018 15:06:53;Message:end update orders,exp:22525
Info;11.01.2018 15:06:53;Message:Переход c вр-го счёта:-1
Info;11.01.2018 15:06:53;Message:на вр-ного счёта:-1
Info;11.01.2018 15:06:53;Message:0
Warning;11.01.2018 15:06:53;Message:------End Trigger------
Info;11.01.2018 15:08:48;Message:_____________
Info;11.01.2018 15:08:48;Message:Begin expense
Info;11.01.2018 15:08:48;Message:--------------------
Warning;11.01.2018 15:08:48;Message:end update orders,exp:22526
Info;11.01.2018 15:08:48;Message:Переход c вр-го счёта:-1
Info;11.01.2018 15:08:48;Message:на вр-ного счёта:-1
Info;11.01.2018 15:08:48;Message:0
Warning;11.01.2018 15:08:48;Message:------End Trigger------
Info;11.01.2018 15:09:03;Message:_____________
Info;11.01.2018 15:09:03;Message:Begin expense
Info;11.01.2018 15:09:03;Message:--------------------
Warning;11.01.2018 15:09:03;Message:end update orders,exp:22527
Info;11.01.2018 15:09:03;Message:Переход c вр-го счёта:-1
Info;11.01.2018 15:09:03;Message:на вр-ного счёта:-1
Info;11.01.2018 15:09:03;Message:0
Warning;11.01.2018 15:09:03;Message:------End Trigger------
Info;11.01.2018 15:09:13;Message:_____________
Info;11.01.2018 15:09:13;Message:Begin expense
Info;11.01.2018 15:09:13;Message:--------------------
Warning;11.01.2018 15:09:13;Message:end update orders,exp:22528
Info;11.01.2018 15:09:13;Message:Переход c вр-го счёта:-1
Info;11.01.2018 15:09:13;Message:на вр-ного счёта:-1
Info;11.01.2018 15:09:13;Message:0
Warning;11.01.2018 15:09:13;Message:------End Trigger------
Info;11.01.2018 15:09:28;Message:_____________
Info;11.01.2018 15:09:28;Message:Begin expense
Info;11.01.2018 15:09:28;Message:--------------------
Warning;11.01.2018 15:09:28;Message:end update orders,exp:22529
Info;11.01.2018 15:09:28;Message:Переход c вр-го счёта:-1
Info;11.01.2018 15:09:28;Message:на вр-ного счёта:-1
Info;11.01.2018 15:09:28;Message:0
Warning;11.01.2018 15:09:28;Message:------End Trigger------
Info;11.01.2018 15:09:38;Message:_____________
Info;11.01.2018 15:09:38;Message:Begin expense
Info;11.01.2018 15:09:38;Message:--------------------
Warning;11.01.2018 15:09:38;Message:end update orders,exp:22530
Info;11.01.2018 15:09:38;Message:Переход c вр-го счёта:-1
Info;11.01.2018 15:09:38;Message:на вр-ного счёта:-1
Info;11.01.2018 15:09:38;Message:0
Warning;11.01.2018 15:09:38;Message:------End Trigger------
Info;11.01.2018 15:09:53;Message:_____________
Info;11.01.2018 15:09:53;Message:Begin expense
Info;11.01.2018 15:09:53;Message:--------------------
Warning;11.01.2018 15:09:53;Message:end update orders,exp:22531
Info;11.01.2018 15:09:53;Message:Переход c вр-го счёта:-1
Info;11.01.2018 15:09:53;Message:на вр-ного счёта:-1
Info;11.01.2018 15:09:53;Message:0
Warning;11.01.2018 15:09:53;Message:------End Trigger------
Info;11.01.2018 15:10:13;Message:_____________
Info;11.01.2018 15:10:13;Message:Begin expense
Info;11.01.2018 15:10:13;Message:--------------------
Warning;11.01.2018 15:10:13;Message:end update orders,exp:22532
Info;11.01.2018 15:10:13;Message:Переход c вр-го счёта:-1
Info;11.01.2018 15:10:13;Message:на вр-ного счёта:-1
Info;11.01.2018 15:10:13;Message:0
Warning;11.01.2018 15:10:13;Message:------End Trigger------
