Warning;22.11.2017 22:42:50;Message:------End Trigger------
Warning;22.11.2017 22:42:50;Message:end update orders,exp:4391
Info;22.11.2017 22:42:50;Message:updating orders,exp:4391
Info;22.11.2017 22:42:50;Message:exp:4391 orders:prodId:5234, orderSum:10500, cnt:1
Info;22.11.2017 22:42:50;Message:exp:4391 orders:prodId:3051, orderSum:18990, cnt:1
Info;22.11.2017 22:42:50;Message:--------------------
Info;22.11.2017 22:42:50;Message:Begin expense
Info;22.11.2017 22:42:50;Message:_____________
Warning;22.11.2017 22:42:55;Message:------End Trigger------
Warning;22.11.2017 22:42:55;Message:end update orders,exp:4392
Info;22.11.2017 22:42:55;Message:updating orders,exp:4392
Info;22.11.2017 22:42:55;Message:exp:4392 orders:prodId:4916, orderSum:10100, cnt:1
Info;22.11.2017 22:42:55;Message:exp:4392 orders:prodId:6638, orderSum:19250, cnt:1
Info;22.11.2017 22:42:55;Message:--------------------
Info;22.11.2017 22:42:55;Message:Begin expense
Info;22.11.2017 22:42:55;Message:_____________
Warning;22.11.2017 22:43:35;Message:------End Trigger------
Warning;22.11.2017 22:43:35;Message:end update orders,exp:4393
Info;22.11.2017 22:43:35;Message:updating orders,exp:4393
Info;22.11.2017 22:43:35;Message:exp:4393 orders:prodId:4916, orderSum:10100, cnt:1
Info;22.11.2017 22:43:35;Message:--------------------
Info;22.11.2017 22:43:35;Message:Begin expense
Info;22.11.2017 22:43:35;Message:_____________
Warning;22.11.2017 22:43:40;Message:end update orders,exp:4394
Info;22.11.2017 22:43:40;Message:updating orders,exp:4394
Info;22.11.2017 22:43:40;Message:exp:4394 orders:prodId:6638, orderSum:19250, cnt:1
Info;22.11.2017 22:43:40;Message:--------------------
Info;22.11.2017 22:43:40;Message:Begin expense
Info;22.11.2017 22:43:40;Message:_____________
Warning;22.11.2017 22:43:45;Message:------End Trigger------
Info;22.11.2017 22:53:36;Message:_____________
Info;22.11.2017 22:53:36;Message:Begin expense
Info;22.11.2017 22:53:36;Message:--------------------
Info;22.11.2017 22:53:36;Message:exp:4395 orders:prodId:2782, orderSum:680, cnt:1
Info;22.11.2017 22:53:36;Message:exp:4395 orders:prodId:7752, orderSum:200, cnt:1
Info;22.11.2017 22:53:36;Message:updating orders,exp:4395
Warning;22.11.2017 22:53:36;Message:end update orders,exp:4395
Warning;22.11.2017 22:53:36;Message:------End Trigger------
Info;22.11.2017 22:53:41;Message:_____________
Info;22.11.2017 22:53:41;Message:Begin expense
Info;22.11.2017 22:53:41;Message:--------------------
Info;22.11.2017 22:53:41;Message:exp:4396 orders:prodId:8618, orderSum:200, cnt:1
Info;22.11.2017 22:53:41;Message:updating orders,exp:4396
Warning;22.11.2017 22:53:41;Message:end update orders,exp:4396
Warning;22.11.2017 22:53:41;Message:------End Trigger------
Info;22.11.2017 22:54:16;Message:_____________
Info;22.11.2017 22:54:16;Message:Begin expense
Info;22.11.2017 22:54:16;Message:--------------------
Info;22.11.2017 22:54:16;Message:exp:4397 orders:prodId:41, orderSum:43700, cnt:1
Info;22.11.2017 22:54:16;Message:updating orders,exp:4397
Warning;22.11.2017 22:54:16;Message:end update orders,exp:4397
Warning;22.11.2017 22:54:16;Message:------End Trigger------
Info;22.11.2017 22:54:21;Message:_____________
Info;22.11.2017 22:54:21;Message:Begin expense
Info;22.11.2017 22:54:21;Message:--------------------
Info;22.11.2017 22:54:21;Message:exp:4398 orders:prodId:1587, orderSum:950, cnt:1
Info;22.11.2017 22:54:21;Message:exp:4398 orders:prodId:1586, orderSum:950, cnt:1
Info;22.11.2017 22:54:21;Message:updating orders,exp:4398
Warning;22.11.2017 22:54:21;Message:end update orders,exp:4398
Warning;22.11.2017 22:54:21;Message:------End Trigger------
