Info;24.03.2018 8:05:44;Message:Переход c вр-го счёта:-1
Info;24.03.2018 8:05:44;Message:на вр-ного счёта:-1
Info;24.03.2018 8:05:44;Message:18 100
Info;24.03.2018 8:05:44;Message:Переход c вр-го счёта:-1
Info;24.03.2018 8:05:44;Message:на вр-ного счёта:-1
Info;24.03.2018 8:05:44;Message:18 100
Info;24.03.2018 8:05:49;Message:Переход c вр-го счёта:-2
Info;24.03.2018 8:05:49;Message:на вр-ного счёта:-2
Info;24.03.2018 8:05:49;Message:0
Info;24.03.2018 8:05:59;Message:_____________
Info;24.03.2018 8:05:59;Message:Begin expense
Info;24.03.2018 8:05:59;Message:--------------------
Warning;24.03.2018 8:05:59;Message:end update orders,exp:90
Info;24.03.2018 8:05:59;Message:Переход c вр-го счёта:-2
Info;24.03.2018 8:05:59;Message:на вр-ного счёта:-1
Warning;24.03.2018 8:05:59;Message:------End Trigger------
Info;24.03.2018 8:05:59;Message:18 100
Info;24.03.2018 8:06:04;Message:_____________
Info;24.03.2018 8:06:04;Message:Begin expense
Info;24.03.2018 8:06:04;Message:--------------------
Error;24.03.2018 8:06:04;Message:Error:На столбец "orderId" наложено ограничение по уникальности. Значение "1" уже имеется.
Info;24.03.2018 8:06:14;Message:_____________
Info;24.03.2018 8:06:14;Message:Begin expense
Info;24.03.2018 8:06:14;Message:--------------------
Error;24.03.2018 8:06:14;Message:Error:На столбец "orderId" наложено ограничение по уникальности. Значение "1" уже имеется.
Info;24.03.2018 8:06:14;Message:Переход c вр-го счёта:-2
Info;24.03.2018 8:06:14;Message:на вр-ного счёта:-2
Info;24.03.2018 8:06:14;Message:0
Info;24.03.2018 8:06:19;Message:Переход c вр-го счёта:-3
Info;24.03.2018 8:06:19;Message:на вр-ного счёта:-3
Info;24.03.2018 8:06:19;Message:0
Info;24.03.2018 8:06:19;Message:Переход c вр-го счёта:-4
Info;24.03.2018 8:06:19;Message:на вр-ного счёта:-4
Info;24.03.2018 8:06:19;Message:0
Info;24.03.2018 8:06:24;Message:_____________
Info;24.03.2018 8:06:24;Message:Begin expense
Info;24.03.2018 8:06:24;Message:--------------------
Error;24.03.2018 8:06:24;Message:Error:На столбец "orderId" наложено ограничение по уникальности. Значение "1" уже имеется.
Info;24.03.2018 8:06:30;Message:_____________
Info;24.03.2018 8:06:30;Message:Begin expense
Info;24.03.2018 8:06:30;Message:--------------------
Error;24.03.2018 8:06:30;Message:Error:На столбец "orderId" наложено ограничение по уникальности. Значение "1" уже имеется.
Info;24.03.2018 8:06:30;Message:Переход c вр-го счёта:-4
Info;24.03.2018 8:06:30;Message:на вр-ного счёта:-3
Info;24.03.2018 8:06:30;Message:0
Info;24.03.2018 8:06:35;Message:_____________
Info;24.03.2018 8:06:35;Message:Begin expense
Info;24.03.2018 8:06:35;Message:--------------------
Error;24.03.2018 8:06:35;Message:Error:На столбец "orderId" наложено ограничение по уникальности. Значение "1" уже имеется.
Info;24.03.2018 8:06:40;Message:Переход c вр-го счёта:-3
Info;24.03.2018 8:06:40;Message:на вр-ного счёта:-4
Info;24.03.2018 8:06:40;Message:0
Info;24.03.2018 8:06:40;Message:Переход c вр-го счёта:-4
Info;24.03.2018 8:06:40;Message:на вр-ного счёта:-2
Info;24.03.2018 8:06:40;Message:0
Info;24.03.2018 8:06:45;Message:_____________
Info;24.03.2018 8:06:45;Message:Begin expense
Info;24.03.2018 8:06:45;Message:--------------------
Error;24.03.2018 8:06:45;Message:Error:На столбец "orderId" наложено ограничение по уникальности. Значение "1" уже имеется.
Info;24.03.2018 8:08:23;Message:_____________
Info;24.03.2018 8:08:29;Message:Begin expense
Info;24.03.2018 8:08:29;Message:--------------------
Warning;24.03.2018 8:08:29;Message:end update orders,exp:97
Info;24.03.2018 8:08:29;Message:Переход c вр-го счёта:-1
Info;24.03.2018 8:08:29;Message:на вр-ного счёта:-1
Warning;24.03.2018 8:08:29;Message:------End Trigger------
Info;24.03.2018 8:08:29;Message:0
Info;24.03.2018 8:08:29;Message:Переход c вр-го счёта:-2
Info;24.03.2018 8:08:29;Message:на вр-ного счёта:-2
Info;24.03.2018 8:08:29;Message:0
Info;24.03.2018 8:08:34;Message:Переход c вр-го счёта:-2
Info;24.03.2018 8:08:34;Message:на вр-ного счёта:-2
Info;24.03.2018 8:08:34;Message:0
Info;24.03.2018 8:08:39;Message:Переход c вр-го счёта:-2
Info;24.03.2018 8:08:39;Message:на вр-ного счёта:-1
Info;24.03.2018 8:08:39;Message:0
Info;24.03.2018 8:08:44;Message:Переход c вр-го счёта:-1
Info;24.03.2018 8:08:44;Message:на вр-ного счёта:-2
Info;24.03.2018 8:08:44;Message:16 700
Info;24.03.2018 8:08:44;Message:Переход c вр-го счёта:-2
Info;24.03.2018 8:08:44;Message:на вр-ного счёта:-1
Info;24.03.2018 8:08:44;Message:21 700
Info;24.03.2018 8:08:49;Message:_____________
Info;24.03.2018 8:08:49;Message:Begin expense
Info;24.03.2018 8:08:49;Message:--------------------
Warning;24.03.2018 8:08:49;Message:end update orders,exp:98
Info;24.03.2018 8:08:49;Message:Переход c вр-го счёта:-1
Info;24.03.2018 8:08:49;Message:на вр-ного счёта:-1
Info;24.03.2018 8:08:49;Message:0
Warning;24.03.2018 8:08:49;Message:------End Trigger------
Info;24.03.2018 8:08:49;Message:Переход c вр-го счёта:-1
Info;24.03.2018 8:08:49;Message:на вр-ного счёта:-2
Info;24.03.2018 8:08:49;Message:16 700
Info;24.03.2018 8:09:21;Message:_____________
Info;24.03.2018 8:09:21;Message:Begin expense
Info;24.03.2018 8:09:21;Message:--------------------
Error;24.03.2018 8:09:21;Message:Error:На столбец "orderId" наложено ограничение по уникальности. Значение "4" уже имеется.
Info;24.03.2018 8:09:21;Message:Переход c вр-го счёта:-2
Info;24.03.2018 8:09:21;Message:на вр-ного счёта:-2
Info;24.03.2018 8:09:21;Message:0
Info;24.03.2018 8:09:21;Message:Переход c вр-го счёта:-2
Info;24.03.2018 8:09:21;Message:на вр-ного счёта:-1
Info;24.03.2018 8:09:21;Message:0
Info;24.03.2018 8:09:26;Message:_____________
Info;24.03.2018 8:09:26;Message:Begin expense
Info;24.03.2018 8:09:26;Message:--------------------
Error;24.03.2018 8:09:26;Message:Error:На столбец "orderId" наложено ограничение по уникальности. Значение "4" уже имеется.
Info;24.03.2018 8:09:31;Message:Переход c вр-го счёта:-1
Info;24.03.2018 8:09:31;Message:на вр-ного счёта:-2
Info;24.03.2018 8:09:31;Message:0
Info;24.03.2018 8:09:41;Message:_____________
Info;24.03.2018 8:09:41;Message:Begin expense
Info;24.03.2018 8:09:41;Message:--------------------
Error;24.03.2018 8:09:41;Message:Error:На столбец "orderId" наложено ограничение по уникальности. Значение "4" уже имеется.
Info;24.03.2018 8:11:15;Message:_____________
Info;24.03.2018 8:11:15;Message:Begin expense
Info;24.03.2018 8:11:16;Message:--------------------
Error;24.03.2018 8:11:16;Message:Error:На столбец "orderId" наложено ограничение по уникальности. Значение "4" уже имеется.
Info;24.03.2018 8:11:26;Message:Переход c вр-го счёта:-2
Info;24.03.2018 8:11:26;Message:на вр-ного счёта:-2
Info;24.03.2018 8:11:26;Message:0
Info;24.03.2018 8:11:26;Message:Переход c вр-го счёта:-2
Info;24.03.2018 8:11:26;Message:на вр-ного счёта:-1
Info;24.03.2018 8:11:26;Message:0
Info;24.03.2018 8:11:26;Message:Переход c вр-го счёта:-1
Info;24.03.2018 8:11:26;Message:на вр-ного счёта:-2
Info;24.03.2018 8:11:26;Message:0
Info;24.03.2018 8:11:36;Message:Переход c вр-го счёта:-2
Info;24.03.2018 8:11:36;Message:на вр-ного счёта:-2
Info;24.03.2018 8:11:36;Message:16 700
Info;24.03.2018 8:11:36;Message:Переход c вр-го счёта:-2
Info;24.03.2018 8:28:13;Message:_____________
Info;24.03.2018 8:28:13;Message:Begin expense
Info;24.03.2018 8:28:13;Message:--------------------
Warning;24.03.2018 8:28:13;Message:end update orders,exp:104
Info;24.03.2018 8:28:13;Message:Переход c вр-го счёта:-1
Info;24.03.2018 8:28:13;Message:на вр-ного счёта:-1
Warning;24.03.2018 8:28:13;Message:------End Trigger------
Info;24.03.2018 8:28:13;Message:0
Info;24.03.2018 8:28:18;Message:Переход c вр-го счёта:-2
Info;24.03.2018 8:28:18;Message:на вр-ного счёта:-2
Info;24.03.2018 8:28:18;Message:0
Info;24.03.2018 8:28:18;Message:Переход c вр-го счёта:-2
Info;24.03.2018 8:28:18;Message:на вр-ного счёта:-2
Info;24.03.2018 8:28:18;Message:0
Info;24.03.2018 8:28:23;Message:_____________
Info;24.03.2018 8:28:23;Message:Begin expense
Info;24.03.2018 8:28:23;Message:--------------------
Warning;24.03.2018 8:28:23;Message:end update orders,exp:105
Info;24.03.2018 8:28:23;Message:Переход c вр-го счёта:-2
Info;24.03.2018 8:28:23;Message:на вр-ного счёта:-1
Warning;24.03.2018 8:28:23;Message:------End Trigger------
Info;24.03.2018 8:28:23;Message:0
Info;24.03.2018 8:28:41;Message:_____________
Info;24.03.2018 8:28:41;Message:Begin expense
Info;24.03.2018 8:28:41;Message:--------------------
Warning;24.03.2018 8:28:41;Message:end update orders,exp:106
Info;24.03.2018 8:28:41;Message:Переход c вр-го счёта:-1
Info;24.03.2018 8:28:41;Message:на вр-ного счёта:-1
Info;24.03.2018 8:28:41;Message:0
Warning;24.03.2018 8:28:41;Message:------End Trigger------
Info;24.03.2018 8:28:41;Message:Переход c вр-го счёта:-2
Info;24.03.2018 8:28:41;Message:на вр-ного счёта:-2
Info;24.03.2018 8:28:41;Message:0
Info;24.03.2018 8:28:51;Message:_____________
Info;24.03.2018 8:28:51;Message:Begin expense
Info;24.03.2018 8:28:51;Message:--------------------
Warning;24.03.2018 8:28:51;Message:end update orders,exp:107
Info;24.03.2018 8:28:51;Message:Переход c вр-го счёта:-2
Info;24.03.2018 8:28:51;Message:на вр-ного счёта:-1
Warning;24.03.2018 8:28:51;Message:------End Trigger------
Info;24.03.2018 8:28:51;Message:0
Info;24.03.2018 8:29:01;Message:_____________
Info;24.03.2018 8:29:01;Message:Begin expense
Info;24.03.2018 8:29:01;Message:--------------------
Warning;24.03.2018 8:29:01;Message:end update orders,exp:108
Info;24.03.2018 8:29:01;Message:Переход c вр-го счёта:-1
Info;24.03.2018 8:29:01;Message:на вр-ного счёта:-1
Info;24.03.2018 8:29:01;Message:0
Warning;24.03.2018 8:29:01;Message:------End Trigger------
Info;24.03.2018 8:29:01;Message:Переход c вр-го счёта:-2
Info;24.03.2018 8:29:01;Message:на вр-ного счёта:-2
Info;24.03.2018 8:29:01;Message:0
Info;24.03.2018 8:29:01;Message:Переход c вр-го счёта:-3
Info;24.03.2018 8:29:01;Message:на вр-ного счёта:-3
Info;24.03.2018 8:29:01;Message:0
Info;24.03.2018 8:29:01;Message:Переход c вр-го счёта:-3
Info;24.03.2018 8:29:01;Message:на вр-ного счёта:-2
Info;24.03.2018 8:29:01;Message:0
Info;24.03.2018 8:29:07;Message:_____________
Info;24.03.2018 8:29:07;Message:Begin expense
Info;24.03.2018 8:29:07;Message:--------------------
Warning;24.03.2018 8:29:07;Message:end update orders,exp:109
Info;24.03.2018 8:29:07;Message:Переход c вр-го счёта:-2
Warning;24.03.2018 8:29:07;Message:------End Trigger------
Info;24.03.2018 8:29:07;Message:на вр-ного счёта:-1
Info;24.03.2018 8:29:07;Message:0
Info;24.03.2018 8:29:17;Message:_____________
Info;24.03.2018 8:29:17;Message:Begin expense
Info;24.03.2018 8:29:17;Message:--------------------
Warning;24.03.2018 8:29:17;Message:end update orders,exp:110
Info;24.03.2018 8:29:17;Message:Переход c вр-го счёта:-1
Info;24.03.2018 8:29:17;Message:на вр-ного счёта:-1
Info;24.03.2018 8:29:17;Message:0
Warning;24.03.2018 8:29:17;Message:------End Trigger------
Info;24.03.2018 8:29:17;Message:Переход c вр-го счёта:-1
Info;24.03.2018 8:29:17;Message:на вр-ного счёта:-3
Info;24.03.2018 8:29:17;Message:0
Info;24.03.2018 8:29:17;Message:_____________
Info;24.03.2018 8:29:17;Message:Begin expense
Info;24.03.2018 8:29:17;Message:--------------------
Warning;24.03.2018 8:29:17;Message:end update orders,exp:111
Info;24.03.2018 8:29:17;Message:Переход c вр-го счёта:-3
Info;24.03.2018 8:29:17;Message:на вр-ного счёта:-1
Warning;24.03.2018 8:29:17;Message:------End Trigger------
Info;24.03.2018 8:29:17;Message:0
Info;24.03.2018 8:31:14;Message:_____________
Info;24.03.2018 8:31:14;Message:Begin expense
Info;24.03.2018 8:31:14;Message:--------------------
Warning;24.03.2018 8:31:14;Message:end update orders,exp:112
Info;24.03.2018 8:31:14;Message:Переход c вр-го счёта:-1
Info;24.03.2018 8:31:14;Message:на вр-ного счёта:-1
Warning;24.03.2018 8:31:14;Message:------End Trigger------
Info;24.03.2018 8:31:14;Message:0
Info;24.03.2018 8:31:14;Message:Переход c вр-го счёта:-2
Info;24.03.2018 8:31:14;Message:на вр-ного счёта:-2
Info;24.03.2018 8:31:14;Message:0
Info;24.03.2018 8:31:19;Message:_____________
Info;24.03.2018 8:31:19;Message:Begin expense
Info;24.03.2018 8:31:19;Message:--------------------
Warning;24.03.2018 8:31:19;Message:end update orders,exp:113
Info;24.03.2018 8:31:19;Message:Переход c вр-го счёта:-2
Info;24.03.2018 8:31:19;Message:на вр-ного счёта:-1
Warning;24.03.2018 8:31:19;Message:------End Trigger------
Info;24.03.2018 8:31:19;Message:0
Info;24.03.2018 8:31:24;Message:_____________
Info;24.03.2018 8:31:24;Message:Begin expense
Info;24.03.2018 8:31:24;Message:--------------------
Warning;24.03.2018 8:31:24;Message:end update orders,exp:114
Info;24.03.2018 8:31:24;Message:Переход c вр-го счёта:-1
Info;24.03.2018 8:31:24;Message:на вр-ного счёта:-1
Info;24.03.2018 8:31:24;Message:0
Warning;24.03.2018 8:31:24;Message:------End Trigger------
Info;24.03.2018 8:31:24;Message:Переход c вр-го счёта:-2
Info;24.03.2018 8:31:24;Message:на вр-ного счёта:-2
Info;24.03.2018 8:31:24;Message:0
Info;24.03.2018 8:31:24;Message:Переход c вр-го счёта:-3
Info;24.03.2018 8:31:24;Message:на вр-ного счёта:-3
Info;24.03.2018 8:31:24;Message:0
Info;24.03.2018 8:31:29;Message:_____________
Info;24.03.2018 8:31:29;Message:Begin expense
Info;24.03.2018 8:31:29;Message:--------------------
Warning;24.03.2018 8:31:29;Message:end update orders,exp:115
Info;24.03.2018 8:31:29;Message:Переход c вр-го счёта:-3
Info;24.03.2018 8:31:29;Message:на вр-ного счёта:-1
Warning;24.03.2018 8:31:29;Message:------End Trigger------
Info;24.03.2018 8:31:29;Message:0
Info;24.03.2018 8:31:29;Message:_____________
Info;24.03.2018 8:31:29;Message:Begin expense
Info;24.03.2018 8:31:29;Message:--------------------
Warning;24.03.2018 8:31:29;Message:end update orders,exp:116
Info;24.03.2018 8:31:29;Message:Переход c вр-го счёта:-1
Info;24.03.2018 8:31:29;Message:на вр-ного счёта:-1
Warning;24.03.2018 8:31:29;Message:------End Trigger------
Info;24.03.2018 8:31:29;Message:0
Info;24.03.2018 8:31:34;Message:_____________
Info;24.03.2018 8:31:34;Message:Begin expense
Info;24.03.2018 8:31:34;Message:--------------------
Warning;24.03.2018 8:31:34;Message:end update orders,exp:117
Info;24.03.2018 8:31:34;Message:Переход c вр-го счёта:-1
Info;24.03.2018 8:31:34;Message:на вр-ного счёта:-1
Info;24.03.2018 8:31:34;Message:0
Warning;24.03.2018 8:31:34;Message:------End Trigger------
Info;24.03.2018 8:31:39;Message:_____________
Info;24.03.2018 8:31:39;Message:Begin expense
Info;24.03.2018 8:31:39;Message:--------------------
Warning;24.03.2018 8:31:39;Message:end update orders,exp:118
Info;24.03.2018 8:31:39;Message:Переход c вр-го счёта:-1
Info;24.03.2018 8:31:39;Message:на вр-ного счёта:-1
Warning;24.03.2018 8:31:39;Message:------End Trigger------
Info;24.03.2018 8:31:39;Message:0
Info;24.03.2018 8:31:39;Message:Переход c вр-го счёта:-1
Info;24.03.2018 8:31:39;Message:на вр-ного счёта:-2
Info;24.03.2018 8:31:39;Message:0
Info;24.03.2018 8:31:44;Message:_____________
Info;24.03.2018 8:31:44;Message:Begin expense
Info;24.03.2018 8:31:44;Message:--------------------
Warning;24.03.2018 8:31:44;Message:end update orders,exp:119
Info;24.03.2018 8:31:44;Message:Переход c вр-го счёта:-2
Info;24.03.2018 8:31:44;Message:на вр-ного счёта:-1
Warning;24.03.2018 8:31:44;Message:------End Trigger------
Info;24.03.2018 8:31:44;Message:0
Info;24.03.2018 8:31:49;Message:_____________
Info;24.03.2018 8:31:49;Message:Begin expense
Info;24.03.2018 8:31:49;Message:--------------------
Warning;24.03.2018 8:31:49;Message:end update orders,exp:120
Info;24.03.2018 8:31:49;Message:Переход c вр-го счёта:-1
Info;24.03.2018 8:31:49;Message:на вр-ного счёта:-1
Info;24.03.2018 8:31:49;Message:0
Warning;24.03.2018 8:31:49;Message:------End Trigger------
