Info;07.12.2017 18:53:25;Message:_____________
Info;07.12.2017 18:53:25;Message:Begin expense
Info;07.12.2017 18:53:25;Message:Временный:-1
Info;07.12.2017 18:53:25;Message:Сумма:546565
Info;07.12.2017 18:53:25;Message:--------------------
Info;07.12.2017 18:53:25;Message:exp:14058 orders:prodId:3051, orderSum:18990, cnt:1
Info;07.12.2017 18:53:25;Message:exp:14058 orders:prodId:5234, orderSum:10500, cnt:1
Info;07.12.2017 18:53:25;Message:exp:14058 orders:prodId:4942, orderSum:23400, cnt:1
Info;07.12.2017 18:53:25;Message:updating orders,exp:14058
Warning;07.12.2017 18:53:25;Message:end update orders,exp:14058
Info;07.12.2017 18:53:25;Message:Переход c вр-го счёта:-1
Info;07.12.2017 18:53:25;Message:на вр-ного счёта:-1
Info;07.12.2017 18:53:25;Message:0
Warning;07.12.2017 18:53:25;Message:------End Trigger------
Info;07.12.2017 18:55:38;Message:_____________
Info;07.12.2017 18:55:38;Message:Begin expense
Info;07.12.2017 18:55:38;Message:Временный:-1
Info;07.12.2017 18:55:38;Message:Сумма:33 090
Info;07.12.2017 18:55:38;Message:--------------------
Info;07.12.2017 18:55:38;Message:exp:14059 orders:prodId:5063, orderSum:4000, cnt:1
Info;07.12.2017 18:55:38;Message:exp:14059 orders:prodId:4916, orderSum:10100, cnt:1
Info;07.12.2017 18:55:38;Message:exp:14059 orders:prodId:3051, orderSum:18990, cnt:1
Info;07.12.2017 18:55:38;Message:updating orders,exp:14059
Warning;07.12.2017 18:55:38;Message:end update orders,exp:14059
Info;07.12.2017 18:55:38;Message:Переход c вр-го счёта:-1
Info;07.12.2017 18:55:38;Message:на вр-ного счёта:-1
Info;07.12.2017 18:55:38;Message:0
Warning;07.12.2017 18:55:38;Message:------End Trigger------
Info;07.12.2017 18:55:48;Message:Переход c вр-го счёта:-2
Info;07.12.2017 18:55:48;Message:на вр-ного счёта:-2
Info;07.12.2017 18:55:48;Message:0
Info;07.12.2017 18:55:48;Message:Переход c вр-го счёта:-2
Info;07.12.2017 18:55:48;Message:на вр-ного счёта:-2
Info;07.12.2017 18:55:48;Message:0
Info;07.12.2017 18:55:53;Message:Переход c вр-го счёта:-2
Info;07.12.2017 18:55:53;Message:на вр-ного счёта:-1
Info;07.12.2017 18:55:53;Message:0
Info;07.12.2017 20:08:09;Message:_____________
Info;07.12.2017 20:08:09;Message:Begin expense
Info;07.12.2017 20:08:09;Message:--------------------
Warning;07.12.2017 20:08:09;Message:end update orders,exp:14066
Info;07.12.2017 20:08:09;Message:Переход c вр-го счёта:-1
Info;07.12.2017 20:08:09;Message:на вр-ного счёта:-1
Info;07.12.2017 20:08:09;Message:0
Warning;07.12.2017 20:08:09;Message:------End Trigger------
